Loading UI file /usr/share/patchage/patchage.ui

(patchage:2500): Gdk-WARNING **: 22:16:35.420: gdk_window_set_icon_list: icons too large
Loading configuration from /home/jeb/.config/patchagerc
Warning: cell size too small for content
in label of node n0
Warning: cell size too small for content
in label of node n1
Warning: cell size too small for content
Warning: cell size too small for content
Warning: cell size too small for content
Warning: cell size too small for content
in label of node n10
Warning: cell size too small for content
in label of node n11
Warning: cell size too small for content
in label of node n12
Warning: cell size too small for content
in label of node n13
Warning: cell size too small for content
in label of node n14
Warning: cell size too small for content
in label of node n15
Warning: cell size too small for content
in label of node n16
Warning: cell size too small for content
in label of node n17
Loading UI file /usr/share/patchage/patchage.ui

(patchage:2514): Gdk-WARNING **: 22:16:55.839: gdk_window_set_icon_list: icons too large
Loading configuration from /home/jeb/.config/patchagerc
Warning: cell size too small for content
in label of node n0
Warning: cell size too small for content
in label of node n1
Warning: cell size too small for content
Warning: cell size too small for content
Warning: cell size too small for content
Warning: cell size too small for content
in label of node n8
Warning: cell size too small for content
Warning: cell size too small for content
Warning: cell size too small for content
Warning: cell size too small for content
Warning: cell size too small for content
Warning: cell size too small for content
Warning: cell size too small for content
Warning: cell size too small for content
in label of node n9
Warning: cell size too small for content
Warning: cell size too small for content
Warning: cell size too small for content
Warning: cell size too small for content
in label of node n10
Warning: cell size too small for content
in label of node n11
Warning: cell size too small for content
in label of node n12
Warning: cell size too small for content
in label of node n13
Warning: cell size too small for content
in label of node n14
Warning: cell size too small for content
in label of node n15
Warning: cell size too small for content
in label of node n16
Warning: cell size too small for content
in label of node n17
Loading UI file /usr/share/patchage/patchage.ui

(patchage:2523): Gdk-WARNING **: 22:17:27.229: gdk_window_set_icon_list: icons too large
Loading configuration from /home/jeb/.config/patchagerc
Loading UI file /usr/share/patchage/patchage.ui

(patchage:2530): Gdk-WARNING **: 22:17:35.345: gdk_window_set_icon_list: icons too large
Loading configuration from /home/jeb/.config/patchagerc
Warning: cell size too small for content
in label of node n0
Warning: cell size too small for content
in label of node n1
Warning: cell size too small for content
in label of node n4
Warning: cell size too small for content
in label of node n5
Warning: cell size too small for content
in label of node n6
Warning: cell size too small for content
in label of node n7
Warning: cell size too small for content
in label of node n8
Warning: cell size too small for content
in label of node n9
Warning: cell size too small for content
in label of node n10
Warning: no translation found for 'en_US' locale: /usr/share/qt5/translations/qt_en_US.qm
Warning: no translation found for 'en_US' locale: /usr/share/qsampler/translations/qsampler_en_US.qm
Warning: no translation found for 'en_US' locale: /usr/share/qt5/translations/qt_en_US.qm
Warning: no translation found for 'en_US' locale: /usr/share/qsampler/translations/qsampler_en_US.qm
Not there
Yoshimi 2.1.1.1 is starting
/home/jeb/.local/share/yoshimi/presets
/usr/share/yoshimi/presets
Basic configuration /home/jeb/.config/yoshimi/yoshimi.config not found, will use default settings
/home/jeb/.local/share/yoshimi/presets
/usr/share/yoshimi/presets
Configuration /home/jeb/.config/yoshimi/yoshimi-0.instance not found, will use default settings
Error, alsa audio: alsa audio mmap not possible: Invalid argument
March is Little Endian
Card Format is Signed Little Endian 32 Bit 2 Channel
Using alsa_audio for audio and alsa_midi for midi
Alsa midi priority is 39
Alsa audio priority is 40
Build Number 2050
Clientname: yoshimi
Audio: alsa -> 'default'
Midi: alsa -> 'No MIDI sources seen'
Oscilsize: 512
Samplerate: 48000
Period size: 256

Yay! We're up and running :-)
Missing recent history file
Found 24 new banks in root /home/jeb/.local/share/yoshimi/found/yoshimi/banks
Found 24 new banks in root /usr/share/yoshimi/banks

Found 1702 instruments in 48 banks
Root 5. Bank set to 5 "Arpeggios"
/home/jeb/.yoshimi_history: No such file or directory
yoshimi> @ Top
yoshimi> @ Top
yoshimi> @ Top
GUI refreshed
yoshimi> @ Top
yoshimi> @ Top
yoshimi> @ Top
yoshimi> @ Top
yoshimi> @ Top
yoshimi> @ Top
yoshimi> @ Top
yoshimi> @ Top
yoshimi> @ Top
yoshimi> @ Top
yoshimi> @ Top
yoshimi> @ Top
yoshimi> @ Top
yoshimi> @ Top
yoshimi> @ Top
yoshimi> @ Top
yoshimi> @ Top
yoshimi> @ Top
yoshimi> @ Top
yoshimi> @ Top
yoshimi> @ Top
yoshimi> @ Top
yoshimi> @ Top
yoshimi> @ Top
yoshimi> @ Top
yoshimi> @ Top
yoshimi> @ Top
yoshimi> @ Top
yoshimi> @ Top
yoshimi> @ Top
yoshimi> @ Top
yoshimi> @ Top
yoshimi> @ Top
yoshimi> @ Top
yoshimi> @ Top
yoshimi> @ Top
yoshimi> @ Top
yoshimi> @ Top
yoshimi> @ Top
yoshimi> @ Top
yoshimi> @ Top
yoshimi> @ Top
yoshimi> @ Top
yoshimi> @ Top
yoshimi> @ Top
yoshimi> @ Top
yoshimi> @ Top
yoshimi> @ Top
yoshimi> @ Top
yoshimi> @ Top
yoshimi> @ Top
yoshimi> @ Top
yoshimi> @ Top
yoshimi> @ Top
yoshimi> @ Top
yoshimi> @ Top
yoshimi> @ Top
yoshimi> @ Top
yoshimi> @ Top
yoshimi> @ Top
yoshimi> @ Top
yoshimi> @ Top
yoshimi> @ Top
yoshimi> @ Top
yoshimi> @ Top
yoshimi> @ Top
yoshimi> @ Top
yoshimi> @ Top
yoshimi> @ Top
yoshimi> @ Top
yoshimi> @ Top
yoshimi> @ Top
yoshimi> @ Top
yoshimi> @ Top
yoshimi> @ Top
yoshimi> @ Top
yoshimi> @ Top
yoshimi> @ Top
yoshimi> @ Top
yoshimi> @ Top
yoshimi> @ Top
yoshimi> @ Top
yoshimi> @ Top
yoshimi> @ Top
yoshimi> @ Top
yoshimi> @ Top
yoshimi> @ Top
yoshimi> @ Top
yoshimi> @ Top
yoshimi> @ Top
yoshimi> @ Top
yoshimi> @ Top
yoshimi> @ Top
yoshimi> @ Top
yoshimi> @ Top
yoshimi> @ Top
yoshimi> @ Top
yoshimi> @ Top
yoshimi> @ Top
yoshimi> @ Top
yoshimi> @ Top
yoshimi> @ Top
yoshimi> @ Top
yoshimi> @ Top
yoshimi> @ Top
yoshimi> @ Top
yoshimi> @ Top
yoshimi> @ Top
yoshimi> @ Top
yoshimi> @ Top
yoshimi> @ Top
yoshimi> @ Top
yoshimi> @ Top
yoshimi> @ Top
yoshimi> @ Top
yoshimi> @ Top
yoshimi> @ Top
yoshimi> @ Top
yoshimi> @ Top
yoshimi> @ Top
yoshimi> @ Top
yoshimi> @ Top
yoshimi> @ Top
yoshimi> @ Top
yoshimi> @ Top
yoshimi> @ Top
yoshimi> @ Top
yoshimi> @ Top
yoshimi> @ Top
yoshimi> @ Top
yoshimi> @ Top
yoshimi> @ Top
yoshimi> @ Top
yoshimi> @ Top
yoshimi> @ Top
yoshimi> @ Top
yoshimi> @ Top
yoshimi> @ Top
yoshimi> @ Top
yoshimi> @ Top
yoshimi> @ Top
yoshimi> @ Top
yoshimi> @ Top
yoshimi> @ Top
yoshimi> @ Top
yoshimi> @ Top
yoshimi> @ Top
yoshimi> @ Top
yoshimi> @ Top
yoshimi> @ Top
yoshimi> @ Top
yoshimi> @ Top
yoshimi> @ Top
yoshimi> @ Top
yoshimi> @ Top
yoshimi> @ Top
yoshimi> @ Top
yoshimi> @ Top
yoshimi> @ Top
yoshimi> @ Top
yoshimi> @ Top
yoshimi> @ Top
yoshimi> @ Top
yoshimi> @ Top
yoshimi> @ Top
yoshimi> @ Top
yoshimi> @ Top
yoshimi> @ Top
yoshimi> @ Top
yoshimi> @ Top
yoshimi> @ Top
yoshimi> @ Top
yoshimi> @ Top
yoshimi> @ Top
yoshimi> @ Top
yoshimi> @ Top
yoshimi> @ Top
yoshimi> @ Top
yoshimi> @ Top
yoshimi> @ Top
yoshimi> @ Top
yoshimi> @ Top
yoshimi> @ Top
yoshimi> @ Top
yoshimi> @ Top
yoshimi> @ Top
yoshimi> @ Top
yoshimi> @ Top
yoshimi> @ Top
yoshimi> @ Top
yoshimi> @ Top
yoshimi> @ Top
yoshimi> @ Top
yoshimi> @ Top
yoshimi> @ Top
yoshimi> @ Top
yoshimi> @ Top
yoshimi> @ Top
yoshimi> @ Top
yoshimi> @ Top
yoshimi> @ Top
yoshimi> @ Top
yoshimi> @ Top
yoshimi> @ Top
yoshimi> @ Top
yoshimi> @ Top
yoshimi> @ Top
yoshimi> @ Top
yoshimi> @ Top
yoshimi> @ Top
yoshimi> @ Top
yoshimi> @ Top
yoshimi> @ Top
yoshimi> @ Top
yoshimi> @ Top
yoshimi> @ Top
yoshimi> @ Top
yoshimi> @ Top
yoshimi> @ Top
yoshimi> @ Top
yoshimi> @ Top
yoshimi> @ Top
yoshimi> @ Top
yoshimi> @ Top
yoshimi> @ Top
yoshimi> @ Top
yoshimi> @ Top
yoshimi> @ Top
yoshimi> @ Top
yoshimi> @ Top
yoshimi> @ Top
yoshimi> @ Top
yoshimi> @ Top
yoshimi> @ Top
yoshimi> @ Top
yoshimi> @ Top
yoshimi> @ Top
yoshimi> @ Top
yoshimi> @ Top
yoshimi> @ Top
yoshimi> @ Top
yoshimi> @ Top
yoshimi> @ Top
yoshimi> @ Top
yoshimi> @ Top
yoshimi> @ Top
yoshimi> @ Top
yoshimi> @ Top
yoshimi> @ Top
yoshimi> @ Top
yoshimi> @ Top
yoshimi> @ Top
yoshimi> @ Top
yoshimi> @ Top
yoshimi> @ Top
yoshimi> @ Top
yoshimi> @ Top
yoshimi> @ Top
yoshimi> @ Top
yoshimi> @ Top
yoshimi> @ Top
yoshimi> @ Top
yoshimi> @ Top
yoshimi> @ Top
yoshimi> @ Top
yoshimi> @ Top
yoshimi> @ Top
yoshimi> @ Top
yoshimi> @ Top
yoshimi> @ Top
yoshimi> @ Top
yoshimi> @ Top
yoshimi> @ Top
yoshimi> @ Top
yoshimi> @ Top
yoshimi> @ Top
yoshimi> @ Top
yoshimi> @ Top
yoshimi> @ Top
yoshimi> @ Top
yoshimi> @ Top
yoshimi> @ Top
yoshimi> @ Top
yoshimi> @ Top
yoshimi> @ Top
yoshimi> @ Top
yoshimi> @ Top
yoshimi> @ Top
yoshimi> @ Top
yoshimi> @ Top
yoshimi> @ Top
yoshimi> @ Top
yoshimi> @ Top
yoshimi> @ Top
yoshimi> @ Top
yoshimi> @ Top
yoshimi> @ Top
yoshimi> @ Top
yoshimi> @ Top
yoshimi> @ Top
yoshimi> @ Top
yoshimi> @ Top
yoshimi> @ Top
yoshimi> @ Top
yoshimi> @ Top
yoshimi> @ Top
yoshimi> @ Top
yoshimi> @ Top
yoshimi> @ Top
yoshimi> @ Top
yoshimi> @ Top
yoshimi> @ Top
yoshimi> @ Top
yoshimi> @ Top
yoshimi> @ Top
yoshimi> @ Top
yoshimi> @ Top
yoshimi> @ Top
yoshimi> @ Top
yoshimi> @ Top
yoshimi> @ Top
yoshimi> @ Top
yoshimi> @ Top
yoshimi> @ Top
yoshimi> @ Top
yoshimi> @ Top
yoshimi> @ Top
yoshimi> @ Top
yoshimi> @ Top
yoshimi> @ Top
yoshimi> @ Top
yoshimi> @ Top
yoshimi> @ Top
yoshimi> @ Top
yoshimi> @ Top
yoshimi> @ Top
yoshimi> @ Top
yoshimi> @ Top
yoshimi> @ Top
yoshimi> @ Top
yoshimi> @ Top
yoshimi> @ Top
yoshimi> @ Top
yoshimi> @ Top
yoshimi> @ Top
yoshimi> @ Top
yoshimi> @ Top
yoshimi> @ Top
yoshimi> @ Top
yoshimi> @ Top
yoshimi> @ Top
yoshimi> @ Top
yoshimi> @ Top
yoshimi> @ Top
yoshimi> @ Top
yoshimi> @ Top
yoshimi> @ Top
yoshimi> @ Top
yoshimi> @ Top
yoshimi> @ Top
yoshimi> @ Top
yoshimi> @ Top
yoshimi> @ Top
yoshimi> @ Top
yoshimi> @ Top
yoshimi> @ Top
yoshimi> @ Top
yoshimi> @ Top
yoshimi> @ Top
yoshimi> @ Top
yoshimi> @ Top
yoshimi> @ Top
yoshimi> @ Top
yoshimi> @ Top
yoshimi> @ Top
yoshimi> @ Top
yoshimi> @ Top
yoshimi> @ Top
yoshimi> @ Top
yoshimi> @ Top
yoshimi> @ Top
yoshimi> @ Top
yoshimi> @ Top
yoshimi> @ Top
yoshimi> @ Top
yoshimi> @ Top
yoshimi> @ Top
yoshimi> @ Top
yoshimi> @ Top
yoshimi> @ Top
yoshimi> @ Top
yoshimi> @ Top
yoshimi> @ Top
yoshimi> @ Top
yoshimi> @ Top
yoshimi> @ Top
yoshimi> @ Top
yoshimi> @ Top
yoshimi> @ Top
yoshimi> @ Top
yoshimi> @ Top
yoshimi> @ Top
yoshimi> @ Top
yoshimi> @ Top
yoshimi> @ Top
yoshimi> @ Top
yoshimi> @ Top
yoshimi> @ Top
yoshimi> @ Top
yoshimi> @ Top
yoshimi> @ Top
yoshimi> @ Top
yoshimi> @ Top
yoshimi> @ Top
yoshimi> @ Top
yoshimi> @ Top
yoshimi> @ Top
yoshimi> @ Top
yoshimi> @ Top
yoshimi> @ Top
yoshimi> @ Top
yoshimi> @ Top
yoshimi> @ Top
yoshimi> @ Top
yoshimi> @ Top
yoshimi> @ Top
yoshimi> @ Top
yoshimi> @ Top
yoshimi> @ Top
yoshimi> @ Top
yoshimi> @ Top
yoshimi> @ Top
yoshimi> @ Top
yoshimi> @ Top
yoshimi> @ Top
yoshimi> @ Top
yoshimi> @ Top
yoshimi> @ Top
yoshimi> @ Top
yoshimi> @ Top
yoshimi> @ Top
yoshimi> @ Top
yoshimi> @ Top
yoshimi> @ Top
yoshimi> @ Top
yoshimi> @ Top
yoshimi> @ Top
yoshimi> @ Top
yoshimi> @ Top
yoshimi> @ Top
yoshimi> @ Top
yoshimi> @ Top
yoshimi> @ Top
yoshimi> @ Top
yoshimi> @ Top
yoshimi> @ Top
yoshimi> @ Top
yoshimi> @ Top
yoshimi> @ Top
yoshimi> @ Top
yoshimi> @ Top
yoshimi> @ Top
yoshimi> @ Top
yoshimi> @ Top
yoshimi> @ Top
yoshimi> @ Top
yoshimi> @ Top
yoshimi> @ Top
yoshimi> @ Top
yoshimi> @ Top
yoshimi> @ Top
yoshimi> @ Top
yoshimi> @ Top
yoshimi> @ Top
yoshimi> @ Top
yoshimi> @ Top
yoshimi> @ Top
yoshimi> @ Top
yoshimi> @ Top
yoshimi> @ Top
yoshimi> @ Top
yoshimi> @ Top
yoshimi> @ Top
yoshimi> @ Top
yoshimi> @ Top
yoshimi> @ Top
yoshimi> @ Top
yoshimi> @ Top
yoshimi> @ Top
yoshimi> @ Top
yoshimi> @ Top
yoshimi> @ Top
yoshimi> @ Top
yoshimi> @ Top
yoshimi> @ Top
yoshimi> @ Top
yoshimi> @ Top
yoshimi> @ Top
yoshimi> @ Top
yoshimi> @ Top
yoshimi> @ Top
yoshimi> @ Top
yoshimi> @ Top
yoshimi> @ Top
yoshimi> @ Top
yoshimi> @ Top
yoshimi> @ Top
yoshimi> @ Top
yoshimi> @ Top
yoshimi> @ Top
yoshimi> @ Top
yoshimi> @ Top
yoshimi> @ Top
yoshimi> @ Top
yoshimi> @ Top
yoshimi> @ Top
yoshimi> @ Top
yoshimi> @ Top
yoshimi> @ Top
yoshimi> @ Top
yoshimi> @ Top
yoshimi> @ Top
yoshimi> @ Top
yoshimi> @ Top
yoshimi> @ Top
yoshimi> @ Top
yoshimi> @ Top
yoshimi> @ Top
yoshimi> @ Top
yoshimi> @ Top
yoshimi> @ Top
yoshimi> @ Top
yoshimi> @ Top
yoshimi> @ Top
yoshimi> @ Top
yoshimi> @ Top
yoshimi> @ Top
yoshimi> @ Top
yoshimi> @ Top
yoshimi> @ Top
yoshimi> @ Top
yoshimi> @ Top
yoshimi> @ Top
yoshimi> @ Top
yoshimi> @ Top
yoshimi> @ Top
yoshimi> @ Top
yoshimi> @ Top
yoshimi> @ Top
yoshimi> @ Top
yoshimi> @ Top
yoshimi> @ Top
yoshimi> @ Top
yoshimi> @ Top
yoshimi> @ Top
yoshimi> @ Top
yoshimi> @ Top
yoshimi> @ Top
yoshimi> @ Top
yoshimi> @ Top
yoshimi> @ Top
yoshimi> @ Top
yoshimi> @ Top
yoshimi> @ Top
yoshimi> @ Top
yoshimi> @ Top
yoshimi> @ Top
yoshimi> @ Top
yoshimi> @ Top
yoshimi> @ Top
yoshimi> @ Top
yoshimi> @ Top
yoshimi> @ Top
yoshimi> @ Top
yoshimi> @ Top
yoshimi> @ Top
yoshimi> @ Top
yoshimi> @ Top
yoshimi> @ Top
yoshimi> @ Top
yoshimi> @ Top
yoshimi> @ Top
yoshimi> @ Top
yoshimi> @ Top
yoshimi> @ Top
yoshimi> @ Top
yoshimi> @ Top
yoshimi> @ Top
yoshimi> @ Top
yoshimi> @ Top
yoshimi> @ Top
yoshimi> @ Top
yoshimi> @ Top
yoshimi> @ Top
yoshimi> @ Top
yoshimi> @ Top
yoshimi> @ Top
yoshimi> @ Top
yoshimi> @ Top
yoshimi> @ Top
yoshimi> @ Top
yoshimi> @ Top
yoshimi> @ Top
yoshimi> @ Top
yoshimi> @ Top
yoshimi> @ Top
yoshimi> @ Top
yoshimi> @ Top
yoshimi> @ Top
yoshimi> @ Top
yoshimi> @ Top
yoshimi> @ Top
yoshimi> @ Top
yoshimi> @ Top
yoshimi> @ Top
yoshimi> @ Top
yoshimi> @ Top
yoshimi> @ Top
yoshimi> @ Top
yoshimi> @ Top
yoshimi> @ Top
yoshimi> @ Top
yoshimi> @ Top
yoshimi> @ Top
yoshimi> @ Top
yoshimi> @ Top
yoshimi> @ Top
yoshimi> @ Top
yoshimi> @ Top
yoshimi> @ Top
yoshimi> @ Top
yoshimi> @ Top
yoshimi> @ Top
yoshimi> @ Top
yoshimi> @ Top
yoshimi> @ Top
yoshimi> @ Top
yoshimi> @ Top
yoshimi> @ Top
yoshimi> @ Top
yoshimi> @ Top
yoshimi> @ Top
yoshimi> @ Top
yoshimi> @ Top
yoshimi> @ Top
yoshimi> @ Top
yoshimi> @ Top
yoshimi> @ Top
yoshimi> @ Top
yoshimi> @ Top
yoshimi> @ Top
yoshimi> @ Top
yoshimi> @ Top
yoshimi> @ Top
yoshimi> @ Top
yoshimi> @ Top
yoshimi> @ Top
yoshimi> @ Top
yoshimi> @ Top
yoshimi> @ Top
yoshimi> @ Top
yoshimi> @ Top
yoshimi> @ Top
yoshimi> @ Top
yoshimi> @ Top
yoshimi> @ Top
yoshimi> @ Top
yoshimi> @ Top
yoshimi> @ Top
yoshimi> @ Top
yoshimi> @ Top
yoshimi> @ Top
yoshimi> @ Top
yoshimi> @ Top
yoshimi> @ Top
yoshimi> @ Top
yoshimi> @ Top
yoshimi> @ Top
yoshimi> @ Top
yoshimi> @ Top
yoshimi> @ Top
yoshimi> @ Top
yoshimi> @ Top
yoshimi> @ Top
yoshimi> @ Top
yoshimi> @ Top
yoshimi> @ Top
yoshimi> @ Top
yoshimi> @ Top
yoshimi> @ Top
yoshimi> @ Top
yoshimi> @ Top
yoshimi> @ Top
yoshimi> @ Top
yoshimi> @ Top
yoshimi> @ Top
yoshimi> @ Top
yoshimi> @ Top
yoshimi> @ Top
yoshimi> @ Top
yoshimi> @ Top
yoshimi> @ Top
yoshimi> @ Top
yoshimi> @ Top
yoshimi> @ Top
yoshimi> @ Top
yoshimi> @ Top
yoshimi> @ Top
yoshimi> @ Top
yoshimi> @ Top
yoshimi> @ Top
yoshimi> @ Top
yoshimi> @ Top
yoshimi> @ Top
yoshimi> @ Top
yoshimi> @ Top
yoshimi> @ Top
yoshimi> @ Top
yoshimi> @ Top
yoshimi> @ Top
yoshimi> @ Top
yoshimi> @ Top
yoshimi> @ Top
yoshimi> @ Top
yoshimi> @ Top
yoshimi> @ Top
yoshimi> @ Top
yoshimi> @ Top
yoshimi> @ Top
yoshimi> @ Top
yoshimi> @ Top
yoshimi> @ Top
yoshimi> @ Top
yoshimi> @ Top
yoshimi> @ Top
yoshimi> @ Top
yoshimi> @ Top
yoshimi> @ Top
yoshimi> @ Top
yoshimi> @ Top
yoshimi> @ Top
yoshimi> @ Top
yoshimi> @ Top
yoshimi> @ Top
yoshimi> @ Top
yoshimi> @ Top
yoshimi> @ Top
yoshimi> @ Top
yoshimi> @ Top
yoshimi> @ Top
yoshimi> @ Top
yoshimi> @ Top
yoshimi> @ Top
yoshimi> @ Top
yoshimi> @ Top
yoshimi> @ Top
yoshimi> @ Top
yoshimi> @ Top
yoshimi> @ Top
yoshimi> @ Top
yoshimi> @ Top
yoshimi> @ Top
yoshimi> @ Top
yoshimi> @ Top
yoshimi> @ Top
yoshimi> @ Top
yoshimi> @ Top
yoshimi> @ Top
yoshimi> @ Top
yoshimi> @ Top
yoshimi> @ Top
yoshimi> @ Top
yoshimi> @ Top
yoshimi> @ Top
yoshimi> @ Top
yoshimi> @ Top
yoshimi> @ Top
yoshimi> @ Top
yoshimi> @ Top
yoshimi> @ Top
yoshimi> @ Top
yoshimi> @ Top
yoshimi> @ Top
yoshimi> @ Top
yoshimi> @ Top
yoshimi> @ Top
yoshimi> @ Top
yoshimi> @ Top
yoshimi> @ Top
yoshimi> @ Top
yoshimi> @ Top
yoshimi> @ Top
yoshimi> @ Top
yoshimi> @ Top
yoshimi> @ Top
yoshimi> @ Top
yoshimi> @ Top
yoshimi> @ Top
yoshimi> @ Top
yoshimi> @ Top
yoshimi> @ Top
yoshimi> @ Top
yoshimi> @ Top
yoshimi> @ Top
yoshimi> @ Top
yoshimi> @ Top
yoshimi> @ Top
yoshimi> @ Top
yoshimi> @ Top
yoshimi> @ Top
yoshimi> @ Top
yoshimi> @ Top
yoshimi> @ Top
yoshimi> @ Top
yoshimi> @ Top
yoshimi> @ Top
yoshimi> @ Top
yoshimi> @ Top
yoshimi> @ Top
yoshimi> @ Top
yoshimi> @ Top
yoshimi> @ Top
yoshimi> @ Top
yoshimi> @ Top
yoshimi> @ Top
yoshimi> @ Top
yoshimi> @ Top
yoshimi> @ Top
yoshimi> @ Top
yoshimi> @ Top
yoshimi> @ Top
yoshimi> @ Top
yoshimi> @ Top
yoshimi> @ Top
yoshimi> @ Top
yoshimi> @ Top
yoshimi> @ Top
yoshimi> @ Top
yoshimi> @ Top
yoshimi> @ Top
yoshimi> @ Top
yoshimi> @ Top
yoshimi> @ Top
yoshimi> @ Top
yoshimi> @ Top
yoshimi> @ Top
yoshimi> @ Top
yoshimi> @ Top
yoshimi> @ Top
yoshimi> @ Top
yoshimi> @ Top
yoshimi> @ Top
yoshimi> @ Top
yoshimi> @ Top
yoshimi> @ Top
yoshimi> @ Top
yoshimi> @ Top
yoshimi> @ Top
yoshimi> @ Top
yoshimi> @ Top
yoshimi> @ Top
yoshimi> @ Top
yoshimi> @ Top
yoshimi> @ Top
yoshimi> @ Top
yoshimi> @ Top
yoshimi> @ Top
yoshimi> @ Top
yoshimi> @ Top
yoshimi> @ Top
yoshimi> @ Top
yoshimi> @ Top
yoshimi> @ Top
yoshimi> @ Top
yoshimi> @ Top
yoshimi> @ Top
yoshimi> @ Top
yoshimi> @ Top
yoshimi> @ Top
yoshimi> @ Top
yoshimi> @ Top
yoshimi> @ Top
yoshimi> @ Top
yoshimi> @ Top
yoshimi> @ Top
yoshimi> @ Top
yoshimi> @ Top
yoshimi> @ Top
yoshimi> @ Top
yoshimi> @ Top
yoshimi> @ Top
yoshimi> @ Top
yoshimi> @ Top
yoshimi> @ Top
yoshimi> @ Top
yoshimi> @ Top
yoshimi> @ Top
yoshimi> @ Top
yoshimi> @ Top
yoshimi> @ Top
yoshimi> @ Top
yoshimi> @ Top
yoshimi> @ Top
yoshimi> @ Top
yoshimi> @ Top
yoshimi> @ Top
yoshimi> @ Top
yoshimi> @ Top
yoshimi> @ Top
yoshimi> @ Top
yoshimi> @ Top
yoshimi> @ Top
yoshimi> @ Top
yoshimi> @ Top
yoshimi> @ Top
yoshimi> @ Top
yoshimi> @ Top
yoshimi> @ Top
yoshimi> @ Top
yoshimi> @ Top
yoshimi> @ Top
yoshimi> @ Top
yoshimi> @ Top
yoshimi> @ Top
yoshimi> @ Top
yoshimi> @ Top
yoshimi> @ Top
yoshimi> @ Top
yoshimi> @ Top
yoshimi> @ Top
yoshimi> @ Top
yoshimi> @ Top
yoshimi> @ Top
yoshimi> @ Top
yoshimi> @ Top
yoshimi> @ Top
yoshimi> @ Top
yoshimi> @ Top
yoshimi> @ Top
yoshimi> @ Top
yoshimi> @ Top
yoshimi> @ Top
yoshimi> @ Top
yoshimi> @ Top
yoshimi> @ Top
yoshimi> @ Top
yoshimi> @ Top
yoshimi> @ Top
yoshimi> @ Top
yoshimi> @ Top
yoshimi> @ Top
yoshimi> @ Top
yoshimi> @ Top
yoshimi> @ Top
yoshimi> @ Top
yoshimi> @ Top
yoshimi> @ Top
yoshimi> @ Top
yoshimi> @ Top
yoshimi> @ Top
yoshimi> @ Top
yoshimi> @ Top
yoshimi> @ Top
yoshimi> @ Top
yoshimi> @ Top
yoshimi> @ Top
yoshimi> @ Top
yoshimi> @ Top
yoshimi> @ Top
yoshimi> @ Top
yoshimi> @ Top
yoshimi> @ Top
yoshimi> @ Top
yoshimi> @ Top
Config Auto-connect to JACK server - off
yoshimi> @ Top
yoshimi> @ Top
yoshimi> @ Top
yoshimi> @ Top
yoshimi> @ Top
yoshimi> @ Top
yoshimi> @ Top
yoshimi> @ Top
yoshimi> @ Top
yoshimi> @ Top
yoshimi> @ Top
yoshimi> @ Top
yoshimi> @ Top
yoshimi> @ Top
yoshimi> @ Top
yoshimi> @ Top
yoshimi> @ Top
yoshimi> @ Top
yoshimi> @ Top
yoshimi> @ Top
yoshimi> @ Top
yoshimi> @ Top
yoshimi> @ Top
yoshimi> @ Top
yoshimi> @ Top
yoshimi> @ Top
yoshimi> @ Top
yoshimi> @ Top
yoshimi> @ Top
yoshimi> @ Top
yoshimi> @ Top
yoshimi> @ Top
yoshimi> @ Top
yoshimi> @ Top
yoshimi> @ Top
yoshimi> @ Top
yoshimi> @ Top
yoshimi> @ Top
yoshimi> @ Top
yoshimi> @ Top
yoshimi> @ Top
yoshimi> @ Top
yoshimi> @ Top
yoshimi> @ Top
yoshimi> @ Top
yoshimi> @ Top
yoshimi> @ Top
yoshimi> @ Top
yoshimi> @ Top
yoshimi> @ Top
yoshimi> @ Top
yoshimi> @ Top
yoshimi> @ Top
yoshimi> @ Top
yoshimi> @ Top
yoshimi> @ Top
yoshimi> @ Top
yoshimi> @ Top
yoshimi> @ Top
yoshimi> @ Top
yoshimi> @ Top
yoshimi> @ Top
yoshimi> @ Top
yoshimi> @ Top
yoshimi> @ Top
yoshimi> @ Top
yoshimi> @ Top
yoshimi> @ Top
yoshimi> @ Top
yoshimi> @ Top
yoshimi> @ Top
yoshimi> @ Top
yoshimi> @ Top
yoshimi> @ Top
yoshimi> @ Top
yoshimi> @ Top
yoshimi> @ Top
yoshimi> @ Top
yoshimi> @ Top
yoshimi> @ Top
yoshimi> @ Top
yoshimi> @ Top
yoshimi> @ Top
yoshimi> @ Top
yoshimi> @ Top
yoshimi> @ Top
yoshimi> @ Top
yoshimi> @ Top
yoshimi> @ Top
yoshimi> @ Top
yoshimi> @ Top
yoshimi> @ Top
yoshimi> @ Top
yoshimi> @ Top
yoshimi> @ Top
yoshimi> @ Top
yoshimi> @ Top
yoshimi> @ Top
yoshimi> @ Top
yoshimi> @ Top
yoshimi> @ Top
yoshimi> @ Top
yoshimi> @ Top
yoshimi> @ Top
yoshimi> @ Top
yoshimi> @ Top
yoshimi> @ Top
yoshimi> @ Top
yoshimi> @ Top
yoshimi> @ Top
yoshimi> @ Top
yoshimi> @ Top
yoshimi> @ Top
yoshimi> @ Top
yoshimi> @ Top
yoshimi> @ Top
yoshimi> @ Top
yoshimi> @ Top
yoshimi> @ Top
yoshimi> @ Top
yoshimi> @ Top
yoshimi> @ Top
yoshimi> @ Top
yoshimi> @ Top
yoshimi> @ Top
yoshimi> @ Top
yoshimi> @ Top
yoshimi> @ Top
yoshimi> @ Top
yoshimi> @ Top
yoshimi> @ Top
yoshimi> @ Top
yoshimi> @ Top
yoshimi> @ Top
yoshimi> @ Top
yoshimi> @ Top
yoshimi> @ Top
yoshimi> @ Top
yoshimi> @ Top
yoshimi> @ Top
yoshimi> @ Top
yoshimi> @ Top
yoshimi> @ Top
yoshimi> @ Top
yoshimi> @ Top
yoshimi> @ Top
yoshimi> @ Top
yoshimi> @ Top
yoshimi> @ Top
yoshimi> @ Top
yoshimi> @ Top
yoshimi> @ Top
yoshimi> @ Top
yoshimi> @ Top
yoshimi> @ Top
yoshimi> @ Top
yoshimi> @ Top
yoshimi> @ Top
yoshimi> @ Top
yoshimi> @ Top
yoshimi> @ Top
yoshimi> @ Top
yoshimi> @ Top
yoshimi> @ Top
yoshimi> @ Top
yoshimi> @ Top
yoshimi> @ Top
yoshimi> @ Top
yoshimi> @ Top
yoshimi> @ Top
yoshimi> @ Top
yoshimi> @ Top
yoshimi> @ Top
yoshimi> @ Top
yoshimi> @ Top
yoshimi> @ Top
yoshimi> @ Top
yoshimi> @ Top
yoshimi> @ Top
yoshimi> @ Top
yoshimi> @ Top
yoshimi> @ Top
yoshimi> @ Top
yoshimi> @ Top
yoshimi> @ Top
yoshimi> @ Top
yoshimi> @ Top
yoshimi> @ Top
yoshimi> @ Top
yoshimi> @ Top
yoshimi> @ Top
yoshimi> @ Top
yoshimi> @ Top
yoshimi> @ Top
yoshimi> @ Top
yoshimi> @ Top
yoshimi> @ Top
yoshimi> @ Top
yoshimi> @ Top
yoshimi> @ Top
yoshimi> @ Top
yoshimi> @ Top
yoshimi> @ Top
yoshimi> @ Top
yoshimi> @ Top
yoshimi> @ Top
yoshimi> @ Top
yoshimi> @ Top
yoshimi> @ Top
yoshimi> @ Top
yoshimi> @ Top
yoshimi> @ Top
yoshimi> @ Top
yoshimi> @ Top
yoshimi> @ Top
yoshimi> @ Top
yoshimi> @ Top
yoshimi> @ Top
yoshimi> @ Top
yoshimi> @ Top
yoshimi> @ Top
yoshimi> @ Top
yoshimi> @ Top
yoshimi> @ Top
yoshimi> @ Top
yoshimi> @ Top
yoshimi> @ Top
yoshimi> @ Top
yoshimi> @ Top
yoshimi> @ Top
yoshimi> @ Top
yoshimi> @ Top
yoshimi> @ Top
yoshimi> @ Top
yoshimi> @ Top
yoshimi> @ Top
yoshimi> @ Top
yoshimi> @ Top
yoshimi> @ Top
yoshimi> @ Top
yoshimi> @ Top
yoshimi> @ Top
yoshimi> @ Top
yoshimi> @ Top
yoshimi> @ Top
yoshimi> @ Top
yoshimi> @ Top
yoshimi> @ Top
yoshimi> @ Top
yoshimi> @ Top
yoshimi> @ Top
yoshimi> @ Top
yoshimi> @ Top
yoshimi> @ Top
yoshimi> @ Top
yoshimi> @ Top
yoshimi> @ Top
yoshimi> @ Top
yoshimi> @ Top
yoshimi> @ Top
yoshimi> @ Top
yoshimi> @ Top
yoshimi> @ Top
yoshimi> @ Top
yoshimi> @ Top
yoshimi> @ Top
yoshimi> @ Top
yoshimi> @ Top
yoshimi> @ Top
yoshimi> @ Top
yoshimi> @ Top
yoshimi> @ Top
yoshimi> @ Top
yoshimi> @ Top
yoshimi> @ Top
yoshimi> @ Top
yoshimi> @ Top
yoshimi> @ Top
yoshimi> @ Top
yoshimi> @ Top
yoshimi> @ Top
yoshimi> @ Top
yoshimi> @ Top
yoshimi> @ Top
yoshimi> @ Top
yoshimi> @ Top
yoshimi> @ Top
yoshimi> @ Top
yoshimi> @ Top
yoshimi> @ Top
yoshimi> @ Top
yoshimi> @ Top
yoshimi> @ Top
yoshimi> @ Top
yoshimi> @ Top
yoshimi> @ Top
yoshimi> @ Top
yoshimi> @ Top
yoshimi> @ Top
yoshimi> @ Top
yoshimi> @ Top
yoshimi> @ Top
yoshimi> @ Top
yoshimi> @ Top
yoshimi> @ Top
yoshimi> @ Top
yoshimi> @ Top
yoshimi> @ Top
yoshimi> @ Top
yoshimi> @ Top
yoshimi> @ Top
yoshimi> @ Top
yoshimi> @ Top
yoshimi> @ Top
yoshimi> @ Top
yoshimi> @ Top
yoshimi> @ Top
yoshimi> @ Top
yoshimi> @ Top
yoshimi> @ Top
yoshimi> @ Top
yoshimi> @ Top
yoshimi> @ Top
yoshimi> @ Top
yoshimi> @ Top
yoshimi> @ Top
yoshimi> @ Top
yoshimi> @ Top
yoshimi> @ Top
yoshimi> @ Top
yoshimi> @ Top
yoshimi> @ Top
yoshimi> @ Top
yoshimi> @ Top
yoshimi> @ Top
yoshimi> @ Top
yoshimi> @ Top
yoshimi> @ Top
yoshimi> @ Top
yoshimi> @ Top
yoshimi> @ Top
yoshimi> @ Top
yoshimi> @ Top
yoshimi> @ Top
yoshimi> @ Top
yoshimi> @ Top
yoshimi> @ Top
yoshimi> @ Top
yoshimi> @ Top
yoshimi> @ Top
yoshimi> @ Top
yoshimi> @ Top
yoshimi> @ Top
yoshimi> @ Top
yoshimi> @ Top
yoshimi> @ Top
yoshimi> @ Top
yoshimi> @ Top
yoshimi> @ Top
yoshimi> @ Top
yoshimi> @ Top
yoshimi> @ Top
yoshimi> @ Top
yoshimi> @ Top
yoshimi> @ Top
yoshimi> @ Top
yoshimi> @ Top
yoshimi> @ Top
yoshimi> @ Top
yoshimi> @ Top
yoshimi> @ Top
yoshimi> @ Top
yoshimi> @ Top
yoshimi> @ Top
yoshimi> @ Top
yoshimi> @ Top
yoshimi> @ Top
yoshimi> @ Top
yoshimi> @ Top
Config Show splash screen - off
yoshimi> @ Top
yoshimi> @ Top
yoshimi> @ Top
yoshimi> @ Top
yoshimi> @ Top
yoshimi> @ Top
yoshimi> @ Top
yoshimi> @ Top
yoshimi> @ Top
yoshimi> @ Top
yoshimi> @ Top
yoshimi> @ Top
yoshimi> @ Top
yoshimi> @ Top
yoshimi> @ Top
yoshimi> @ Top
yoshimi> @ Top
yoshimi> @ Top
yoshimi> @ Top
yoshimi> @ Top
yoshimi> @ Top
yoshimi> @ Top
yoshimi> @ Top
yoshimi> @ Top
yoshimi> @ Top
yoshimi> @ Top
yoshimi> @ Top
yoshimi> @ Top
yoshimi> @ Top
yoshimi> @ Top
yoshimi> @ Top
yoshimi> @ Top
yoshimi> @ Top
yoshimi> @ Top
yoshimi> @ Top
yoshimi> @ Top
yoshimi> @ Top
yoshimi> @ Top
yoshimi> @ Top
yoshimi> @ Top
yoshimi> @ Top
yoshimi> @ Top
yoshimi> @ Top
yoshimi> @ Top
yoshimi> @ Top
yoshimi> @ Top
yoshimi> @ Top
yoshimi> @ Top
yoshimi> @ Top
yoshimi> @ Top
yoshimi> @ Top
yoshimi> @ Top
yoshimi> @ Top
yoshimi> @ Top
yoshimi> @ Top
yoshimi> @ Top
yoshimi> @ Top
yoshimi> @ Top
yoshimi> @ Top
yoshimi> @ Top
yoshimi> @ Top
yoshimi> @ Top
yoshimi> @ Top
yoshimi> @ Top
yoshimi> @ Top
yoshimi> @ Top
yoshimi> @ Top
yoshimi> @ Top
yoshimi> @ Top
yoshimi> @ Top
yoshimi> @ Top
yoshimi> @ Top
yoshimi> @ Top
yoshimi> @ Top
yoshimi> @ Top
yoshimi> @ Top
yoshimi> @ Top
yoshimi> @ Top
yoshimi> @ Top
yoshimi> @ Top
yoshimi> @ Top
yoshimi> @ Top
yoshimi> @ Top
yoshimi> @ Top
yoshimi> @ Top
yoshimi> @ Top
yoshimi> @ Top
yoshimi> @ Top
yoshimi> @ Top
yoshimi> @ Top
yoshimi> @ Top
yoshimi> @ Top
yoshimi> @ Top
yoshimi> @ Top
yoshimi> @ Top
yoshimi> @ Top
yoshimi> @ Top
yoshimi> @ Top
yoshimi> @ Top
yoshimi> @ Top
yoshimi> @ Top
yoshimi> @ Top
yoshimi> @ Top
yoshimi> @ Top
yoshimi> @ Top
yoshimi> @ Top
yoshimi> @ Top
yoshimi> @ Top
yoshimi> @ Top
yoshimi> @ Top
yoshimi> @ Top
yoshimi> @ Top
yoshimi> @ Top
yoshimi> @ Top
yoshimi> @ Top
yoshimi> @ Top
yoshimi> @ Top
yoshimi> @ Top
yoshimi> @ Top
yoshimi> @ Top
yoshimi> @ Top
yoshimi> @ Top
yoshimi> @ Top
yoshimi> @ Top
yoshimi> @ Top
yoshimi> @ Top
yoshimi> @ Top
yoshimi> @ Top
yoshimi> @ Top
yoshimi> @ Top
yoshimi> @ Top
yoshimi> @ Top
yoshimi> @ Top
yoshimi> @ Top
yoshimi> @ Top
yoshimi> @ Top
yoshimi> @ Top
yoshimi> @ Top
yoshimi> @ Top
yoshimi> @ Top
yoshimi> @ Top
yoshimi> @ Top
yoshimi> @ Top
yoshimi> @ Top
yoshimi> @ Top
yoshimi> @ Top
yoshimi> @ Top
yoshimi> @ Top
yoshimi> @ Top
yoshimi> @ Top
yoshimi> @ Top
yoshimi> @ Top
yoshimi> @ Top
yoshimi> @ Top
yoshimi> @ Top
yoshimi> @ Top
yoshimi> @ Top
yoshimi> @ Top
yoshimi> @ Top
yoshimi> @ Top
yoshimi> @ Top
yoshimi> @ Top
yoshimi> @ Top
yoshimi> @ Top
yoshimi> @ Top
yoshimi> @ Top
yoshimi> @ Top
yoshimi> @ Top
yoshimi> @ Top
yoshimi> @ Top
yoshimi> @ Top
yoshimi> @ Top
yoshimi> @ Top
yoshimi> @ Top
yoshimi> @ Top
yoshimi> @ Top
yoshimi> @ Top
yoshimi> @ Top
yoshimi> @ Top
yoshimi> @ Top
yoshimi> @ Top
yoshimi> @ Top
yoshimi> @ Top
yoshimi> @ Top
yoshimi> @ Top
yoshimi> @ Top
yoshimi> @ Top
yoshimi> @ Top
yoshimi> @ Top
yoshimi> @ Top
yoshimi> @ Top
yoshimi> @ Top
yoshimi> @ Top
yoshimi> @ Top
yoshimi> @ Top
yoshimi> @ Top
yoshimi> @ Top
yoshimi> @ Top
yoshimi> @ Top
yoshimi> @ Top
yoshimi> @ Top
yoshimi> @ Top
yoshimi> @ Top
yoshimi> @ Top
yoshimi> @ Top
yoshimi> @ Top
yoshimi> @ Top
yoshimi> @ Top
yoshimi> @ Top
yoshimi> @ Top
yoshimi> @ Top
yoshimi> @ Top
yoshimi> @ Top
yoshimi> @ Top
yoshimi> @ Top
yoshimi> @ Top
yoshimi> @ Top
yoshimi> @ Top
yoshimi> @ Top
yoshimi> @ Top
yoshimi> @ Top
yoshimi> @ Top
yoshimi> @ Top
yoshimi> @ Top
yoshimi> @ Top
yoshimi> @ Top
yoshimi> @ Top
yoshimi> @ Top
yoshimi> @ Top
yoshimi> @ Top
yoshimi> @ Top
yoshimi> @ Top
yoshimi> @ Top
yoshimi> @ Top
yoshimi> @ Top
yoshimi> @ Top
yoshimi> @ Top
yoshimi> @ Top
yoshimi> @ Top
yoshimi> @ Top
yoshimi> @ Top
yoshimi> @ Top
yoshimi> @ Top
yoshimi> @ Top
yoshimi> @ Top
yoshimi> @ Top
yoshimi> @ Top
yoshimi> @ Top
yoshimi> @ Top
yoshimi> @ Top
yoshimi> @ Top
yoshimi> @ Top
yoshimi> @ Top
yoshimi> @ Top
Config Enable CLI - off
yoshimi> @ Top
yoshimi> @ Top
yoshimi> @ Top
yoshimi> @ Top
yoshimi> @ Top
yoshimi> @ Top
yoshimi> @ Top
yoshimi> @ Top
yoshimi> @ Top
yoshimi> @ Top
yoshimi> @ Top
yoshimi> @ Top
yoshimi> @ Top
yoshimi> @ Top
yoshimi> @ Top
yoshimi> @ Top
yoshimi> @ Top
yoshimi> @ Top
yoshimi> @ Top
yoshimi> @ Top
yoshimi> @ Top
yoshimi> @ Top
yoshimi> @ Top
yoshimi> @ Top
yoshimi> @ Top
yoshimi> @ Top
yoshimi> @ Top
yoshimi> @ Top
yoshimi> @ Top
yoshimi> @ Top
yoshimi> @ Top
yoshimi> @ Top
yoshimi> @ Top
yoshimi> @ Top
yoshimi> @ Top
yoshimi> @ Top
yoshimi> @ Top
yoshimi> @ Top
yoshimi> @ Top
yoshimi> @ Top
yoshimi> @ Top
yoshimi> @ Top
yoshimi> @ Top
yoshimi> @ Top
yoshimi> @ Top
yoshimi> @ Top
yoshimi> @ Top
yoshimi> @ Top
yoshimi> @ Top
yoshimi> @ Top
yoshimi> @ Top
yoshimi> @ Top
yoshimi> @ Top
yoshimi> @ Top
yoshimi> @ Top
yoshimi> @ Top
yoshimi> @ Top
yoshimi> @ Top
yoshimi> @ Top
yoshimi> @ Top
yoshimi> @ Top
yoshimi> @ Top
yoshimi> @ Top
yoshimi> @ Top
yoshimi> @ Top
yoshimi> @ Top
yoshimi> @ Top
yoshimi> @ Top
yoshimi> @ Top
yoshimi> @ Top
yoshimi> @ Top
yoshimi> @ Top
yoshimi> @ Top
yoshimi> @ Top
yoshimi> @ Top
yoshimi> @ Top
yoshimi> @ Top
yoshimi> @ Top
yoshimi> @ Top
yoshimi> @ Top
yoshimi> @ Top
yoshimi> @ Top
yoshimi> @ Top
yoshimi> @ Top
yoshimi> @ Top
yoshimi> @ Top
yoshimi> @ Top
yoshimi> @ Top
yoshimi> @ Top
yoshimi> @ Top
yoshimi> @ Top
yoshimi> @ Top
yoshimi> @ Top
yoshimi> @ Top
yoshimi> @ Top
yoshimi> @ Top
yoshimi> @ Top
yoshimi> @ Top
yoshimi> @ Top
yoshimi> @ Top
yoshimi> @ Top
yoshimi> @ Top
yoshimi> @ Top
yoshimi> @ Top
yoshimi> @ Top
yoshimi> @ Top
yoshimi> @ Top
yoshimi> @ Top
yoshimi> @ Top
yoshimi> @ Top
yoshimi> @ Top
yoshimi> @ Top
yoshimi> @ Top
yoshimi> @ Top
yoshimi> @ Top
yoshimi> @ Top
yoshimi> @ Top
yoshimi> @ Top
yoshimi> @ Top
yoshimi> @ Top
yoshimi> @ Top
yoshimi> @ Top
yoshimi> @ Top
yoshimi> @ Top
yoshimi> @ Top
yoshimi> @ Top
yoshimi> @ Top
yoshimi> @ Top
yoshimi> @ Top
yoshimi> @ Top
yoshimi> @ Top
yoshimi> @ Top
yoshimi> @ Top
yoshimi> @ Top
yoshimi> @ Top
yoshimi> @ Top
yoshimi> @ Top
yoshimi> @ Top
yoshimi> @ Top
yoshimi> @ Top
yoshimi> @ Top
yoshimi> @ Top
yoshimi> @ Top
yoshimi> @ Top
yoshimi> @ Top
yoshimi> @ Top
yoshimi> @ Top
yoshimi> @ Top
yoshimi> @ Top
yoshimi> @ Top
yoshimi> @ Top
yoshimi> @ Top
yoshimi> @ Top
yoshimi> @ Top
yoshimi> @ Top
yoshimi> @ Top
yoshimi> @ Top
yoshimi> @ Top
yoshimi> @ Top
yoshimi> @ Top
yoshimi> @ Top
yoshimi> @ Top
yoshimi> @ Top
yoshimi> @ Top
yoshimi> @ Top
yoshimi> @ Top
yoshimi> @ Top
yoshimi> @ Top
yoshimi> @ Top
yoshimi> @ Top
yoshimi> @ Top
yoshimi> @ Top
yoshimi> @ Top
yoshimi> @ Top
yoshimi> @ Top
yoshimi> @ Top
yoshimi> @ Top
yoshimi> @ Top
yoshimi> @ Top
yoshimi> @ Top
yoshimi> @ Top
yoshimi> @ Top
yoshimi> @ Top
yoshimi> @ Top
yoshimi> @ Top
yoshimi> @ Top
yoshimi> @ Top
yoshimi> @ Top
yoshimi> @ Top
yoshimi> @ Top
yoshimi> @ Top
yoshimi> @ Top
yoshimi> @ Top
yoshimi> @ Top
yoshimi> @ Top
yoshimi> @ Top
yoshimi> @ Top
yoshimi> @ Top
yoshimi> @ Top
yoshimi> @ Top
yoshimi> @ Top
yoshimi> @ Top
yoshimi> @ Top
yoshimi> @ Top
yoshimi> @ Top
yoshimi> @ Top
yoshimi> @ Top
yoshimi> @ Top
yoshimi> @ Top
yoshimi> @ Top
yoshimi> @ Top
yoshimi> @ Top
yoshimi> @ Top
yoshimi> @ Top
yoshimi> @ Top
yoshimi> @ Top
yoshimi> @ Top
yoshimi> @ Top
yoshimi> @ Top
yoshimi> @ Top
yoshimi> @ Top
yoshimi> @ Top
yoshimi> @ Top
yoshimi> @ Top
yoshimi> @ Top
yoshimi> @ Top
yoshimi> @ Top
yoshimi> @ Top
yoshimi> @ Top
yoshimi> @ Top
yoshimi> @ Top
yoshimi> @ Top
yoshimi> @ Top
yoshimi> @ Top
yoshimi> @ Top
yoshimi> @ Top
yoshimi> @ Top
yoshimi> @ Top
yoshimi> @ Top
yoshimi> @ Top
yoshimi> @ Top
yoshimi> @ Top
yoshimi> @ Top
yoshimi> @ Top
yoshimi> @ Top
yoshimi> @ Top
yoshimi> @ Top
yoshimi> @ Top
yoshimi> @ Top
yoshimi> @ Top
yoshimi> @ Top
yoshimi> @ Top
yoshimi> @ Top
yoshimi> @ Top
yoshimi> @ Top
yoshimi> @ Top
yoshimi> @ Top
yoshimi> @ Top
yoshimi> @ Top
yoshimi> @ Top
yoshimi> @ Top
yoshimi> @ Top
yoshimi> @ Top
yoshimi> @ Top
yoshimi> @ Top
yoshimi> @ Top
yoshimi> @ Top
yoshimi> @ Top
yoshimi> @ Top
yoshimi> @ Top
yoshimi> @ Top
yoshimi> @ Top
yoshimi> @ Top
yoshimi> @ Top
yoshimi> @ Top
yoshimi> @ Top
yoshimi> @ Top
yoshimi> @ Top
yoshimi> @ Top
yoshimi> @ Top
yoshimi> @ Top
yoshimi> @ Top
yoshimi> @ Top
yoshimi> @ Top
yoshimi> @ Top
yoshimi> @ Top
yoshimi> @ Top
yoshimi> @ Top
yoshimi> @ Top
yoshimi> @ Top
yoshimi> @ Top
yoshimi> @ Top
yoshimi> @ Top
yoshimi> @ Top
yoshimi> @ Top
yoshimi> @ Top
yoshimi> @ Top
yoshimi> @ Top
yoshimi> @ Top
yoshimi> @ Top
yoshimi> @ Top
yoshimi> @ Top
yoshimi> @ Top
yoshimi> @ Top
yoshimi> @ Top
yoshimi> @ Top
yoshimi> @ Top
yoshimi> @ Top
yoshimi> @ Top
yoshimi> @ Top
yoshimi> @ Top
yoshimi> @ Top
yoshimi> @ Top
yoshimi> @ Top
yoshimi> @ Top
yoshimi> @ Top
yoshimi> @ Top
yoshimi> @ Top
yoshimi> @ Top
yoshimi> @ Top
yoshimi> @ Top
yoshimi> @ Top
yoshimi> @ Top
yoshimi> @ Top
yoshimi> @ Top
yoshimi> @ Top
yoshimi> @ Top
yoshimi> @ Top
yoshimi> @ Top
yoshimi> @ Top
yoshimi> @ Top
yoshimi> @ Top
yoshimi> @ Top
yoshimi> @ Top
yoshimi> @ Top
yoshimi> @ Top
yoshimi> @ Top
yoshimi> @ Top
yoshimi> @ Top
yoshimi> @ Top
yoshimi> @ Top
yoshimi> @ Top
yoshimi> @ Top
yoshimi> @ Top
yoshimi> @ Top
yoshimi> @ Top
yoshimi> @ Top
yoshimi> @ Top
yoshimi> @ Top
yoshimi> @ Top
yoshimi> @ Top
yoshimi> @ Top
yoshimi> @ Top
yoshimi> @ Top
yoshimi> @ Top
yoshimi> @ Top
yoshimi> @ Top
yoshimi> @ Top
yoshimi> @ Top
yoshimi> @ Top
yoshimi> @ Top
yoshimi> @ Top
yoshimi> @ Top
yoshimi> @ Top
yoshimi> @ Top
yoshimi> @ Top
yoshimi> @ Top
yoshimi> @ Top
yoshimi> @ Top
yoshimi> @ Top
yoshimi> @ Top
yoshimi> @ Top
yoshimi> @ Top
yoshimi> @ Top
yoshimi> @ Top
yoshimi> @ Top
yoshimi> @ Top
yoshimi> @ Top
yoshimi> @ Top
yoshimi> @ Top
yoshimi> @ Top
yoshimi> @ Top
yoshimi> @ Top
yoshimi> @ Top
yoshimi> @ Top
yoshimi> @ Top
yoshimi> @ Top
yoshimi> @ Top
yoshimi> @ Top
yoshimi> @ Top
yoshimi> @ Top
yoshimi> @ Top
yoshimi> @ Top
yoshimi> @ Top
yoshimi> @ Top
yoshimi> @ Top
yoshimi> @ Top
yoshimi> @ Top
yoshimi> @ Top
yoshimi> @ Top
yoshimi> @ Top
yoshimi> @ Top
yoshimi> @ Top
yoshimi> @ Top
yoshimi> @ Top
yoshimi> @ Top
yoshimi> @ Top
yoshimi> @ Top
yoshimi> @ Top
yoshimi> @ Top
yoshimi> @ Top
yoshimi> @ Top
yoshimi> @ Top
yoshimi> @ Top
yoshimi> @ Top
yoshimi> @ Top
yoshimi> @ Top
yoshimi> @ Top
yoshimi> @ Top
yoshimi> @ Top
yoshimi> @ Top
yoshimi> @ Top
yoshimi> @ Top
yoshimi> @ Top
yoshimi> @ Top
yoshimi> @ Top
yoshimi> @ Top
yoshimi> @ Top
yoshimi> @ Top
yoshimi> @ Top
yoshimi> @ Top
yoshimi> @ Top
yoshimi> @ Top
yoshimi> @ Top
yoshimi> @ Top
yoshimi> @ Top
yoshimi> @ Top
yoshimi> @ Top
yoshimi> @ Top
yoshimi> @ Top
yoshimi> @ Top
yoshimi> @ Top
yoshimi> @ Top
yoshimi> @ Top
yoshimi> @ Top
yoshimi> @ Top
yoshimi> @ Top
yoshimi> @ Top
yoshimi> @ Top
yoshimi> @ Top
yoshimi> @ Top
yoshimi> @ Top
yoshimi> @ Top
yoshimi> @ Top
yoshimi> @ Top
yoshimi> @ Top
yoshimi> @ Top
yoshimi> @ Top
yoshimi> @ Top
yoshimi> @ Top
yoshimi> @ Top
yoshimi> @ Top
yoshimi> @ Top
yoshimi> @ Top
yoshimi> @ Top
yoshimi> @ Top
yoshimi> @ Top
yoshimi> @ Top
yoshimi> @ Top
yoshimi> @ Top
yoshimi> @ Top
yoshimi> @ Top
yoshimi> @ Top
yoshimi> @ Top
yoshimi> @ Top
yoshimi> @ Top
yoshimi> @ Top
yoshimi> @ Top
yoshimi> @ Top
yoshimi> @ Top
yoshimi> @ Top
yoshimi> @ Top
yoshimi> @ Top
yoshimi> @ Top
yoshimi> @ Top
yoshimi> @ Top
yoshimi> @ Top
yoshimi> @ Top
yoshimi> @ Top
yoshimi> @ Top
yoshimi> @ Top
yoshimi> @ Top
yoshimi> @ Top
yoshimi> @ Top
yoshimi> @ Top
yoshimi> @ Top
yoshimi> @ Top
yoshimi> @ Top
yoshimi> @ Top
yoshimi> @ Top
yoshimi> @ Top
yoshimi> @ Top
yoshimi> @ Top
yoshimi> @ Top
yoshimi> @ Top
yoshimi> @ Top
yoshimi> @ Top
yoshimi> @ Top
yoshimi> @ Top
yoshimi> @ Top
yoshimi> @ Top
yoshimi> @ Top
yoshimi> @ Top
yoshimi> @ Top
yoshimi> @ Top
yoshimi> @ Top
yoshimi> @ Top
yoshimi> @ Top
yoshimi> @ Top
yoshimi> @ Top
yoshimi> @ Top
yoshimi> @ Top
yoshimi> @ Top
yoshimi> @ Top
yoshimi> @ Top
yoshimi> @ Top
yoshimi> @ Top
yoshimi> @ Top
yoshimi> @ Top
yoshimi> @ Top
yoshimi> @ Top
yoshimi> @ Top
yoshimi> @ Top
yoshimi> @ Top
yoshimi> @ Top
yoshimi> @ Top
yoshimi> @ Top
yoshimi> @ Top
yoshimi> @ Top
yoshimi> @ Top
yoshimi> @ Top
yoshimi> @ Top
yoshimi> @ Top
yoshimi> @ Top
yoshimi> @ Top
yoshimi> @ Top
yoshimi> @ Top
yoshimi> @ Top
yoshimi> @ Top
yoshimi> @ Top
yoshimi> @ Top
yoshimi> @ Top
yoshimi> @ Top
yoshimi> @ Top
yoshimi> @ Top
yoshimi> @ Top
yoshimi> @ Top
yoshimi> @ Top
yoshimi> @ Top
yoshimi> @ Top
yoshimi> @ Top
yoshimi> @ Top
yoshimi> @ Top
yoshimi> @ Top
yoshimi> @ Top
yoshimi> @ Top
yoshimi> @ Top
yoshimi> @ Top
yoshimi> @ Top
yoshimi> @ Top
yoshimi> @ Top
yoshimi> @ Top
yoshimi> @ Top
yoshimi> @ Top
yoshimi> @ Top
yoshimi> @ Top
yoshimi> @ Top
yoshimi> @ Top
yoshimi> @ Top
yoshimi> @ Top
yoshimi> @ Top
yoshimi> @ Top
yoshimi> @ Top
yoshimi> @ Top
yoshimi> @ Top
yoshimi> @ Top
yoshimi> @ Top
yoshimi> @ Top
yoshimi> @ Top
yoshimi> @ Top
yoshimi> @ Top
yoshimi> @ Top
yoshimi> @ Top
yoshimi> @ Top
yoshimi> @ Top
yoshimi> @ Top
yoshimi> @ Top
yoshimi> @ Top
yoshimi> @ Top
yoshimi> @ Top
yoshimi> @ Top
yoshimi> @ Top
yoshimi> @ Top
yoshimi> @ Top
yoshimi> @ Top
yoshimi> @ Top
yoshimi> @ Top
yoshimi> @ Top
yoshimi> @ Top
yoshimi> @ Top
yoshimi> @ Top
yoshimi> @ Top
yoshimi> @ Top
yoshimi> @ Top
yoshimi> @ Top
yoshimi> @ Top
yoshimi> @ Top
yoshimi> @ Top
yoshimi> @ Top
yoshimi> @ Top
yoshimi> @ Top
yoshimi> @ Top
yoshimi> @ Top
yoshimi> @ Top
yoshimi> @ Top
yoshimi> @ Top
yoshimi> @ Top
yoshimi> @ Top
yoshimi> @ Top
yoshimi> @ Top
yoshimi> @ Top
yoshimi> @ Top
yoshimi> @ Top
yoshimi> @ Top
yoshimi> @ Top
yoshimi> @ Top
yoshimi> @ Top
yoshimi> @ Top
yoshimi> @ Top
yoshimi> @ Top
yoshimi> @ Top
yoshimi> @ Top
yoshimi> @ Top
yoshimi> @ Top
yoshimi> @ Top
yoshimi> @ Top
yoshimi> @ Top
yoshimi> @ Top
yoshimi> @ Top
yoshimi> @ Top
yoshimi> @ Top
yoshimi> @ Top
yoshimi> @ Top
yoshimi> @ Top
yoshimi> @ Top
yoshimi> @ Top
yoshimi> @ Top
yoshimi> @ Top
yoshimi> @ Top
yoshimi> @ Top
yoshimi> @ Top
yoshimi> @ Top
yoshimi> @ Top
yoshimi> @ Top
yoshimi> @ Top
yoshimi> @ Top
yoshimi> @ Top
yoshimi> @ Top
yoshimi> @ Top
yoshimi> @ Top
yoshimi> @ Top
yoshimi> @ Top
yoshimi> @ Top
yoshimi> @ Top
yoshimi> @ Top
yoshimi> @ Top
yoshimi> @ Top
yoshimi> @ Top
yoshimi> @ Top
yoshimi> @ Top
yoshimi> @ Top
yoshimi> @ Top
yoshimi> @ Top
yoshimi> @ Top
yoshimi> @ Top
yoshimi> @ Top
yoshimi> @ Top
yoshimi> @ Top
yoshimi> @ Top
yoshimi> @ Top
yoshimi> @ Top
yoshimi> @ Top
yoshimi> @ Top
yoshimi> @ Top
yoshimi> @ Top
yoshimi> @ Top
yoshimi> @ Top
yoshimi> @ Top
yoshimi> @ Top
yoshimi> @ Top
yoshimi> @ Top
yoshimi> @ Top
yoshimi> @ Top
yoshimi> @ Top
yoshimi> @ Top
yoshimi> @ Top
yoshimi> @ Top
yoshimi> @ Top
yoshimi> @ Top
yoshimi> @ Top
yoshimi> @ Top
yoshimi> @ Top
yoshimi> @ Top
yoshimi> @ Top
yoshimi> @ Top
yoshimi> @ Top
yoshimi> @ Top
yoshimi> @ Top
yoshimi> @ Top
yoshimi> @ Top
yoshimi> @ Top
yoshimi> @ Top
yoshimi> @ Top
yoshimi> @ Top
yoshimi> @ Top
yoshimi> @ Top
yoshimi> @ Top
yoshimi> @ Top
yoshimi> @ Top
yoshimi> @ Top
yoshimi> @ Top
yoshimi> @ Top
yoshimi> @ Top
yoshimi> @ Top
yoshimi> @ Top
yoshimi> @ Top
yoshimi> @ Top
yoshimi> @ Top
yoshimi> @ Top
yoshimi> @ Top
yoshimi> @ Top
yoshimi> @ Top
yoshimi> @ Top
yoshimi> @ Top
yoshimi> @ Top
yoshimi> @ Top
yoshimi> @ Top
yoshimi> @ Top
yoshimi> @ Top
yoshimi> @ Top
yoshimi> @ Top
yoshimi> @ Top
yoshimi> @ Top
yoshimi> @ Top
yoshimi> @ Top
yoshimi> @ Top
yoshimi> @ Top
yoshimi> @ Top
yoshimi> @ Top
yoshimi> @ Top
yoshimi> @ Top
yoshimi> @ Top
yoshimi> @ Top
yoshimi> @ Top
yoshimi> @ Top
yoshimi> @ Top
yoshimi> @ Top
yoshimi> @ Top
yoshimi> @ Top
yoshimi> @ Top
yoshimi> @ Top
yoshimi> @ Top
yoshimi> @ Top
yoshimi> @ Top
yoshimi> @ Top
yoshimi> @ Top
yoshimi> @ Top
yoshimi> @ Top
yoshimi> @ Top
yoshimi> @ Top
yoshimi> @ Top
yoshimi> @ Top
yoshimi> @ Top
yoshimi> @ Top
yoshimi> @ Top
yoshimi> @ Top
yoshimi> @ Top
yoshimi> @ Top
yoshimi> @ Top
yoshimi> @ Top
yoshimi> @ Top
yoshimi> @ Top
yoshimi> @ Top
yoshimi> @ Top
yoshimi> @ Top
yoshimi> @ Top
yoshimi> @ Top
yoshimi> @ Top
yoshimi> @ Top
yoshimi> @ Top
yoshimi> @ Top
yoshimi> @ Top
yoshimi> @ Top
yoshimi> @ Top
yoshimi> @ Top
yoshimi> @ Top
yoshimi> @ Top
yoshimi> @ Top
yoshimi> @ Top
yoshimi> @ Top
yoshimi> @ Top
yoshimi> @ Top
yoshimi> @ Top
yoshimi> @ Top
yoshimi> @ Top
yoshimi> @ Top
yoshimi> @ Top
yoshimi> @ Top
yoshimi> @ Top
yoshimi> @ Top
yoshimi> @ Top
yoshimi> @ Top
yoshimi> @ Top
yoshimi> @ Top
yoshimi> @ Top
yoshimi> @ Top
yoshimi> @ Top
yoshimi> @ Top
yoshimi> @ Top
yoshimi> @ Top
yoshimi> @ Top
yoshimi> @ Top
yoshimi> @ Top
yoshimi> @ Top
yoshimi> @ Top
yoshimi> @ Top
yoshimi> @ Top
yoshimi> @ Top
yoshimi> @ Top
yoshimi> @ Top
yoshimi> @ Top
yoshimi> @ Top
yoshimi> @ Top
yoshimi> @ Top
yoshimi> @ Top
yoshimi> @ Top
yoshimi> @ Top
yoshimi> @ Top
yoshimi> @ Top
yoshimi> @ Top
yoshimi> @ Top
yoshimi> @ Top
yoshimi> @ Top
yoshimi> @ Top
yoshimi> @ Top
yoshimi> @ Top
yoshimi> @ Top
yoshimi> @ Top
yoshimi> @ Top
yoshimi> @ Top
yoshimi> @ Top
yoshimi> @ Top
yoshimi> @ Top
yoshimi> @ Top
yoshimi> @ Top
yoshimi> @ Top
yoshimi> @ Top
yoshimi> @ Top
yoshimi> @ Top
yoshimi> @ Top
yoshimi> @ Top
yoshimi> @ Top
yoshimi> @ Top
yoshimi> @ Top
yoshimi> @ Top
yoshimi> @ Top
yoshimi> @ Top
yoshimi> @ Top
yoshimi> @ Top
yoshimi> @ Top
yoshimi> @ Top
yoshimi> @ Top
yoshimi> @ Top
yoshimi> @ Top
yoshimi> @ Top
yoshimi> @ Top
yoshimi> @ Top
yoshimi> @ Top
yoshimi> @ Top
yoshimi> @ Top
yoshimi> @ Top
yoshimi> @ Top
yoshimi> @ Top
yoshimi> @ Top
yoshimi> @ Top
yoshimi> @ Top
yoshimi> @ Top
yoshimi> @ Top
yoshimi> @ Top
yoshimi> @ Top
yoshimi> @ Top
yoshimi> @ Top
yoshimi> @ Top
yoshimi> @ Top
yoshimi> @ Top
yoshimi> @ Top
yoshimi> @ Top
yoshimi> @ Top
yoshimi> @ Top
yoshimi> @ Top
yoshimi> @ Top
yoshimi> @ Top
yoshimi> @ Top
yoshimi> @ Top
yoshimi> @ Top
yoshimi> @ Top
yoshimi> @ Top
yoshimi> @ Top
yoshimi> @ Top
yoshimi> @ Top
yoshimi> @ Top
yoshimi> @ Top
yoshimi> @ Top
yoshimi> @ Top
yoshimi> @ Top
yoshimi> @ Top
yoshimi> @ Top
yoshimi> @ Top
yoshimi> @ Top
yoshimi> @ Top
yoshimi> @ Top
yoshimi> @ Top
yoshimi> @ Top
yoshimi> @ Top
yoshimi> @ Top
yoshimi> @ Top
yoshimi> @ Top
yoshimi> @ Top
yoshimi> @ Top
yoshimi> @ Top
yoshimi> @ Top
yoshimi> @ Top
yoshimi> @ Top
yoshimi> @ Top
yoshimi> @ Top
yoshimi> @ Top
yoshimi> @ Top
yoshimi> @ Top
yoshimi> @ Top
yoshimi> @ Top
yoshimi> @ Top
yoshimi> @ Top
yoshimi> @ Top
yoshimi> @ Top
yoshimi> @ Top
yoshimi> @ Top
yoshimi> @ Top
yoshimi> @ Top
yoshimi> @ Top
yoshimi> @ Top
yoshimi> @ Top
yoshimi> @ Top
yoshimi> @ Top
yoshimi> @ Top
yoshimi> @ Top
yoshimi> @ Top
yoshimi> @ Top
yoshimi> @ Top
yoshimi> @ Top
yoshimi> @ Top
yoshimi> @ Top
yoshimi> @ Top
yoshimi> @ Top
yoshimi> @ Top
yoshimi> @ Top
yoshimi> @ Top
yoshimi> @ Top
yoshimi> @ Top
yoshimi> @ Top
yoshimi> @ Top
yoshimi> @ Top
yoshimi> @ Top
yoshimi> @ Top
yoshimi> @ Top
yoshimi> @ Top
yoshimi> @ Top
yoshimi> @ Top
yoshimi> @ Top
yoshimi> @ Top
yoshimi> @ Top
yoshimi> @ Top
yoshimi> @ Top
yoshimi> @ Top
yoshimi> @ Top
yoshimi> @ Top
yoshimi> @ Top
yoshimi> @ Top
yoshimi> @ Top
yoshimi> @ Top
yoshimi> @ Top
yoshimi> @ Top
yoshimi> @ Top
yoshimi> @ Top
yoshimi> @ Top
yoshimi> @ Top
yoshimi> @ Top
yoshimi> @ Top
yoshimi> @ Top
yoshimi> @ Top
yoshimi> @ Top
yoshimi> @ Top
yoshimi> @ Top
yoshimi> @ Top
yoshimi> @ Top
yoshimi> @ Top
yoshimi> @ Top
yoshimi> @ Top
yoshimi> @ Top
yoshimi> @ Top
yoshimi> @ Top
yoshimi> @ Top
yoshimi> @ Top
yoshimi> @ Top
yoshimi> @ Top
yoshimi> @ Top
yoshimi> @ Top
yoshimi> @ Top
yoshimi> @ Top
yoshimi> @ Top
yoshimi> @ Top
yoshimi> @ Top
yoshimi> @ Top
yoshimi> @ Top
yoshimi> @ Top
yoshimi> @ Top
yoshimi> @ Top
yoshimi> @ Top
yoshimi> @ Top
yoshimi> @ Top
yoshimi> @ Top
yoshimi> @ Top
yoshimi> @ Top
yoshimi> @ Top
yoshimi> @ Top
yoshimi> @ Top
yoshimi> @ Top
yoshimi> @ Top
yoshimi> @ Top
yoshimi> @ Top
yoshimi> @ Top
yoshimi> @ Top
yoshimi> @ Top
yoshimi> @ Top
yoshimi> @ Top
yoshimi> @ Top
yoshimi> @ Top
yoshimi> @ Top
yoshimi> @ Top
yoshimi> @ Top
yoshimi> @ Top
yoshimi> @ Top
yoshimi> @ Top
yoshimi> @ Top
yoshimi> @ Top
yoshimi> @ Top
yoshimi> @ Top
yoshimi> @ Top
yoshimi> @ Top
yoshimi> @ Top
yoshimi> @ Top
yoshimi> @ Top
yoshimi> @ Top
yoshimi> @ Top
yoshimi> @ Top
yoshimi> @ Top
yoshimi> @ Top
yoshimi> @ Top
yoshimi> @ Top
yoshimi> @ Top
yoshimi> @ Top
yoshimi> @ Top
yoshimi> @ Top
yoshimi> @ Top
yoshimi> @ Top
yoshimi> @ Top
yoshimi> @ Top
yoshimi> @ Top
yoshimi> @ Top
yoshimi> @ Top
yoshimi> @ Top
yoshimi> @ Top
yoshimi> @ Top
yoshimi> @ Top
yoshimi> @ Top
yoshimi> @ Top
yoshimi> @ Top
yoshimi> @ Top
yoshimi> @ Top
yoshimi> @ Top
yoshimi> @ Top
yoshimi> @ Top
yoshimi> @ Top
yoshimi> @ Top
yoshimi> @ Top
yoshimi> @ Top
yoshimi> @ Top
yoshimi> @ Top
yoshimi> @ Top
yoshimi> @ Top
yoshimi> @ Top
yoshimi> @ Top
Config Saved instrument format Both
yoshimi> @ Top
yoshimi> @ Top
yoshimi> @ Top
yoshimi> @ Top
yoshimi> @ Top
yoshimi> @ Top
yoshimi> @ Top
yoshimi> @ Top
yoshimi> @ Top
yoshimi> @ Top
yoshimi> @ Top
yoshimi> @ Top
yoshimi> @ Top
yoshimi> @ Top
yoshimi> @ Top
yoshimi> @ Top
yoshimi> @ Top
yoshimi> @ Top
yoshimi> @ Top
yoshimi> @ Top
yoshimi> @ Top
yoshimi> @ Top
yoshimi> @ Top
yoshimi> @ Top
yoshimi> @ Top
yoshimi> @ Top
yoshimi> @ Top
yoshimi> @ Top
yoshimi> @ Top
yoshimi> @ Top
yoshimi> @ Top
yoshimi> @ Top
yoshimi> @ Top
yoshimi> @ Top
yoshimi> @ Top
yoshimi> @ Top
yoshimi> @ Top
yoshimi> @ Top
yoshimi> @ Top
yoshimi> @ Top
yoshimi> @ Top
yoshimi> @ Top
yoshimi> @ Top
yoshimi> @ Top
yoshimi> @ Top
yoshimi> @ Top
yoshimi> @ Top
yoshimi> @ Top
yoshimi> @ Top
yoshimi> @ Top
yoshimi> @ Top
yoshimi> @ Top
yoshimi> @ Top
yoshimi> @ Top
yoshimi> @ Top
yoshimi> @ Top
yoshimi> @ Top
yoshimi> @ Top
yoshimi> @ Top
yoshimi> @ Top
yoshimi> @ Top
yoshimi> @ Top
yoshimi> @ Top
yoshimi> @ Top
yoshimi> @ Top
yoshimi> @ Top
yoshimi> @ Top
yoshimi> @ Top
yoshimi> @ Top
yoshimi> @ Top
yoshimi> @ Top
yoshimi> @ Top
yoshimi> @ Top
yoshimi> @ Top
yoshimi> @ Top
yoshimi> @ Top
yoshimi> @ Top
yoshimi> @ Top
yoshimi> @ Top
yoshimi> @ Top
yoshimi> @ Top
yoshimi> @ Top
yoshimi> @ Top
yoshimi> @ Top
yoshimi> @ Top
yoshimi> @ Top
yoshimi> @ Top
yoshimi> @ Top
yoshimi> @ Top
yoshimi> @ Top
yoshimi> @ Top
yoshimi> @ Top
yoshimi> @ Top
yoshimi> @ Top
yoshimi> @ Top
yoshimi> @ Top
yoshimi> @ Top
yoshimi> @ Top
yoshimi> @ Top
yoshimi> @ Top
yoshimi> @ Top
yoshimi> @ Top
yoshimi> @ Top
yoshimi> @ Top
yoshimi> @ Top
yoshimi> @ Top
yoshimi> @ Top
yoshimi> @ Top
yoshimi> @ Top
yoshimi> @ Top
yoshimi> @ Top
yoshimi> @ Top
yoshimi> @ Top
yoshimi> @ Top
yoshimi> @ Top
yoshimi> @ Top
yoshimi> @ Top
yoshimi> @ Top
yoshimi> @ Top
yoshimi> @ Top
yoshimi> @ Top
yoshimi> @ Top
yoshimi> @ Top
yoshimi> @ Top
yoshimi> @ Top
yoshimi> @ Top
yoshimi> @ Top
yoshimi> @ Top
yoshimi> @ Top
yoshimi> @ Top
yoshimi> @ Top
yoshimi> @ Top
yoshimi> @ Top
yoshimi> @ Top
yoshimi> @ Top
yoshimi> @ Top
yoshimi> @ Top
yoshimi> @ Top
yoshimi> @ Top
yoshimi> @ Top
yoshimi> @ Top
yoshimi> @ Top
yoshimi> @ Top
yoshimi> @ Top
yoshimi> @ Top
yoshimi> @ Top
yoshimi> @ Top
yoshimi> @ Top
yoshimi> @ Top
yoshimi> @ Top
yoshimi> @ Top
yoshimi> @ Top
yoshimi> @ Top
yoshimi> @ Top
yoshimi> @ Top
yoshimi> @ Top
yoshimi> @ Top
yoshimi> @ Top
yoshimi> @ Top
yoshimi> @ Top
yoshimi> @ Top
yoshimi> @ Top
yoshimi> @ Top
yoshimi> @ Top
yoshimi> @ Top
yoshimi> @ Top
yoshimi> @ Top
yoshimi> @ Top
yoshimi> @ Top
yoshimi> @ Top
yoshimi> @ Top
yoshimi> @ Top
yoshimi> @ Top
yoshimi> @ Top
yoshimi> @ Top
yoshimi> @ Top
yoshimi> @ Top
yoshimi> @ Top
yoshimi> @ Top
yoshimi> @ Top
yoshimi> @ Top
yoshimi> @ Top
yoshimi> @ Top
yoshimi> @ Top
yoshimi> @ Top
yoshimi> @ Top
yoshimi> @ Top
yoshimi> @ Top
yoshimi> @ Top
yoshimi> @ Top
yoshimi> @ Top
yoshimi> @ Top
yoshimi> @ Top
yoshimi> @ Top
yoshimi> @ Top
yoshimi> @ Top
yoshimi> @ Top
yoshimi> @ Top
yoshimi> @ Top
yoshimi> @ Top
yoshimi> @ Top
yoshimi> @ Top
yoshimi> @ Top
yoshimi> @ Top
yoshimi> @ Top
yoshimi> @ Top
yoshimi> @ Top
yoshimi> @ Top
yoshimi> @ Top
yoshimi> @ Top
yoshimi> @ Top
yoshimi> @ Top
yoshimi> @ Top
yoshimi> @ Top
yoshimi> @ Top
yoshimi> @ Top
yoshimi> @ Top
yoshimi> @ Top
yoshimi> @ Top
yoshimi> @ Top
yoshimi> @ Top
yoshimi> @ Top
yoshimi> @ Top
yoshimi> @ Top
yoshimi> @ Top
yoshimi> @ Top
yoshimi> @ Top
yoshimi> @ Top
yoshimi> @ Top
yoshimi> @ Top
yoshimi> @ Top
yoshimi> @ Top
yoshimi> @ Top
yoshimi> @ Top
yoshimi> @ Top
yoshimi> @ Top
yoshimi> @ Top
yoshimi> @ Top
yoshimi> @ Top
yoshimi> @ Top
yoshimi> @ Top
yoshimi> @ Top
yoshimi> @ Top
yoshimi> @ Top
yoshimi> @ Top
yoshimi> @ Top
yoshimi> @ Top
yoshimi> @ Top
yoshimi> @ Top
yoshimi> @ Top
yoshimi> @ Top
yoshimi> @ Top
yoshimi> @ Top
yoshimi> @ Top
yoshimi> @ Top
yoshimi> @ Top
yoshimi> @ Top
yoshimi> @ Top
yoshimi> @ Top
yoshimi> @ Top
yoshimi> @ Top
yoshimi> @ Top
yoshimi> @ Top
yoshimi> @ Top
yoshimi> @ Top
yoshimi> @ Top
yoshimi> @ Top
yoshimi> @ Top
yoshimi> @ Top
yoshimi> @ Top
yoshimi> @ Top
yoshimi> @ Top
yoshimi> @ Top
yoshimi> @ Top
yoshimi> @ Top
yoshimi> @ Top
yoshimi> @ Top
yoshimi> @ Top
yoshimi> @ Top
yoshimi> @ Top
yoshimi> @ Top
yoshimi> @ Top
yoshimi> @ Top
yoshimi> @ Top
yoshimi> @ Top
yoshimi> @ Top
yoshimi> @ Top
yoshimi> @ Top
yoshimi> @ Top
yoshimi> @ Top
yoshimi> @ Top
yoshimi> @ Top
yoshimi> @ Top
yoshimi> @ Top
yoshimi> @ Top
yoshimi> @ Top
yoshimi> @ Top
yoshimi> @ Top
yoshimi> @ Top
yoshimi> @ Top
yoshimi> @ Top
yoshimi> @ Top
yoshimi> @ Top
yoshimi> @ Top
yoshimi> @ Top
yoshimi> @ Top
yoshimi> @ Top
yoshimi> @ Top
yoshimi> @ Top
yoshimi> @ Top
yoshimi> @ Top
yoshimi> @ Top
yoshimi> @ Top
yoshimi> @ Top
yoshimi> @ Top
yoshimi> @ Top
yoshimi> @ Top
yoshimi> @ Top
yoshimi> @ Top
yoshimi> @ Top
yoshimi> @ Top
yoshimi> @ Top
yoshimi> @ Top
yoshimi> @ Top
yoshimi> @ Top
yoshimi> @ Top
yoshimi> @ Top
yoshimi> @ Top
yoshimi> @ Top
yoshimi> @ Top
yoshimi> @ Top
yoshimi> @ Top
yoshimi> @ Top
yoshimi> @ Top
yoshimi> @ Top
yoshimi> @ Top
yoshimi> @ Top
yoshimi> @ Top
yoshimi> @ Top
yoshimi> @ Top
yoshimi> @ Top
yoshimi> @ Top
yoshimi> @ Top
yoshimi> @ Top
yoshimi> @ Top
yoshimi> @ Top
yoshimi> @ Top
yoshimi> @ Top
yoshimi> @ Top
yoshimi> @ Top
yoshimi> @ Top
yoshimi> @ Top
yoshimi> @ Top
yoshimi> @ Top
yoshimi> @ Top
yoshimi> @ Top
yoshimi> @ Top
yoshimi> @ Top
yoshimi> @ Top
yoshimi> @ Top
yoshimi> @ Top
yoshimi> @ Top
yoshimi> @ Top
yoshimi> @ Top
yoshimi> @ Top
yoshimi> @ Top
yoshimi> @ Top
yoshimi> @ Top
yoshimi> @ Top
yoshimi> @ Top
yoshimi> @ Top
yoshimi> @ Top
yoshimi> @ Top
yoshimi> @ Top
yoshimi> @ Top
yoshimi> @ Top
yoshimi> @ Top
yoshimi> @ Top
yoshimi> @ Top
yoshimi> @ Top
yoshimi> @ Top
yoshimi> @ Top
yoshimi> @ Top
yoshimi> @ Top
yoshimi> @ Top
yoshimi> @ Top
yoshimi> @ Top
yoshimi> @ Top
yoshimi> @ Top
yoshimi> @ Top
yoshimi> @ Top
yoshimi> @ Top
yoshimi> @ Top
yoshimi> @ Top
yoshimi> @ Top
yoshimi> @ Top
yoshimi> @ Top
yoshimi> @ Top
yoshimi> @ Top
yoshimi> @ Top
yoshimi> @ Top
yoshimi> @ Top
yoshimi> @ Top
yoshimi> @ Top
yoshimi> @ Top
yoshimi> @ Top
yoshimi> @ Top
yoshimi> @ Top
yoshimi> @ Top
yoshimi> @ Top
yoshimi> @ Top
yoshimi> @ Top
yoshimi> @ Top
yoshimi> @ Top
yoshimi> @ Top
yoshimi> @ Top
yoshimi> @ Top
yoshimi> @ Top
yoshimi> @ Top
yoshimi> @ Top
yoshimi> @ Top
yoshimi> @ Top
yoshimi> @ Top
yoshimi> @ Top
yoshimi> @ Top
yoshimi> @ Top
yoshimi> @ Top
yoshimi> @ Top
yoshimi> @ Top
yoshimi> @ Top
yoshimi> @ Top
yoshimi> @ Top
yoshimi> @ Top
yoshimi> @ Top
yoshimi> @ Top
yoshimi> @ Top
yoshimi> @ Top
yoshimi> @ Top
yoshimi> @ Top
yoshimi> @ Top
yoshimi> @ Top
yoshimi> @ Top
yoshimi> @ Top
yoshimi> @ Top
yoshimi> @ Top
yoshimi> @ Top
yoshimi> @ Top
yoshimi> @ Top
yoshimi> @ Top
yoshimi> @ Top
yoshimi> @ Top
yoshimi> @ Top
yoshimi> @ Top
yoshimi> @ Top
yoshimi> @ Top
yoshimi> @ Top
yoshimi> @ Top
yoshimi> @ Top
yoshimi> @ Top
yoshimi> @ Top
yoshimi> @ Top
yoshimi> @ Top
yoshimi> @ Top
yoshimi> @ Top
yoshimi> @ Top
yoshimi> @ Top
yoshimi> @ Top
yoshimi> @ Top
yoshimi> @ Top
yoshimi> @ Top
yoshimi> @ Top
yoshimi> @ Top
yoshimi> @ Top
yoshimi> @ Top
yoshimi> @ Top
yoshimi> @ Top
yoshimi> @ Top
yoshimi> @ Top
yoshimi> @ Top
yoshimi> @ Top
yoshimi> @ Top
yoshimi> @ Top
yoshimi> @ Top
yoshimi> @ Top
yoshimi> @ Top
yoshimi> @ Top
yoshimi> @ Top
yoshimi> @ Top
yoshimi> @ Top
yoshimi> @ Top
yoshimi> @ Top
yoshimi> @ Top
yoshimi> @ Top
yoshimi> @ Top
yoshimi> @ Top
yoshimi> @ Top
yoshimi> @ Top
yoshimi> @ Top
yoshimi> @ Top
yoshimi> @ Top
yoshimi> @ Top
yoshimi> @ Top
yoshimi> @ Top
yoshimi> @ Top
yoshimi> @ Top
yoshimi> @ Top
yoshimi> @ Top
yoshimi> @ Top
yoshimi> @ Top
yoshimi> @ Top
yoshimi> @ Top
yoshimi> @ Top
yoshimi> @ Top
yoshimi> @ Top
yoshimi> @ Top
yoshimi> @ Top
yoshimi> @ Top
yoshimi> @ Top
yoshimi> @ Top
yoshimi> @ Top
yoshimi> @ Top
yoshimi> @ Top
yoshimi> @ Top
yoshimi> @ Top
yoshimi> @ Top
yoshimi> @ Top
yoshimi> @ Top
yoshimi> @ Top
yoshimi> @ Top
yoshimi> @ Top
yoshimi> @ Top
yoshimi> @ Top
yoshimi> @ Top
yoshimi> @ Top
yoshimi> @ Top
yoshimi> @ Top
yoshimi> @ Top
yoshimi> @ Top
yoshimi> @ Top
yoshimi> @ Top
yoshimi> @ Top
yoshimi> @ Top
yoshimi> @ Top
yoshimi> @ Top
yoshimi> @ Top
yoshimi> @ Top
yoshimi> @ Top
yoshimi> @ Top
yoshimi> @ Top
yoshimi> @ Top
yoshimi> @ Top
yoshimi> @ Top
yoshimi> @ Top
yoshimi> @ Top
yoshimi> @ Top
yoshimi> @ Top
yoshimi> @ Top
yoshimi> @ Top
yoshimi> @ Top
yoshimi> @ Top
yoshimi> @ Top
yoshimi> @ Top
yoshimi> @ Top
yoshimi> @ Top
yoshimi> @ Top
yoshimi> @ Top
yoshimi> @ Top
yoshimi> @ Top
yoshimi> @ Top
yoshimi> @ Top
yoshimi> @ Top
yoshimi> @ Top
yoshimi> @ Top
yoshimi> @ Top
yoshimi> @ Top
yoshimi> @ Top
yoshimi> @ Top
yoshimi> @ Top
yoshimi> @ Top
yoshimi> @ Top
yoshimi> @ Top
yoshimi> @ Top
yoshimi> @ Top
yoshimi> @ Top
yoshimi> @ Top
yoshimi> @ Top
yoshimi> @ Top
yoshimi> @ Top
yoshimi> @ Top
yoshimi> @ Top
yoshimi> @ Top
yoshimi> @ Top
yoshimi> @ Top
yoshimi> @ Top
yoshimi> @ Top
yoshimi> @ Top
yoshimi> @ Top
yoshimi> @ Top
yoshimi> @ Top
yoshimi> @ Top
yoshimi> @ Top
yoshimi> @ Top
yoshimi> @ Top
yoshimi> @ Top
yoshimi> @ Top
yoshimi> @ Top
yoshimi> @ Top
yoshimi> @ Top
yoshimi> @ Top
yoshimi> @ Top
yoshimi> @ Top
yoshimi> @ Top
yoshimi> @ Top
yoshimi> @ Top
yoshimi> @ Top
yoshimi> @ Top
yoshimi> @ Top
yoshimi> @ Top
yoshimi> @ Top
yoshimi> @ Top
yoshimi> @ Top
yoshimi> @ Top
yoshimi> @ Top
yoshimi> @ Top
yoshimi> @ Top
yoshimi> @ Top
yoshimi> @ Top
yoshimi> @ Top
yoshimi> @ Top
yoshimi> @ Top
yoshimi> @ Top
yoshimi> @ Top
yoshimi> @ Top
yoshimi> @ Top
yoshimi> @ Top
yoshimi> @ Top
yoshimi> @ Top
yoshimi> @ Top
yoshimi> @ Top
yoshimi> @ Top
yoshimi> @ Top
yoshimi> @ Top
yoshimi> @ Top
yoshimi> @ Top
yoshimi> @ Top
yoshimi> @ Top
yoshimi> @ Top
yoshimi> @ Top
yoshimi> @ Top
yoshimi> @ Top
yoshimi> @ Top
yoshimi> @ Top
yoshimi> @ Top
yoshimi> @ Top
yoshimi> @ Top
yoshimi> @ Top
yoshimi> @ Top
yoshimi> @ Top
yoshimi> @ Top
yoshimi> @ Top
yoshimi> @ Top
yoshimi> @ Top
yoshimi> @ Top
yoshimi> @ Top
yoshimi> @ Top
yoshimi> @ Top
yoshimi> @ Top
yoshimi> @ Top
yoshimi> @ Top
yoshimi> @ Top
yoshimi> @ Top
yoshimi> @ Top
yoshimi> @ Top
yoshimi> @ Top
yoshimi> @ Top
yoshimi> @ Top
yoshimi> @ Top
yoshimi> @ Top
yoshimi> @ Top
yoshimi> @ Top
yoshimi> @ Top
yoshimi> @ Top
yoshimi> @ Top
yoshimi> @ Top
yoshimi> @ Top
yoshimi> @ Top
yoshimi> @ Top
yoshimi> @ Top
yoshimi> @ Top
yoshimi> @ Top
yoshimi> @ Top
yoshimi> @ Top
yoshimi> @ Top
yoshimi> @ Top
yoshimi> @ Top
yoshimi> @ Top
yoshimi> @ Top
yoshimi> @ Top
yoshimi> @ Top
yoshimi> @ Top
yoshimi> @ Top
yoshimi> @ Top
yoshimi> @ Top
yoshimi> @ Top
yoshimi> @ Top
yoshimi> @ Top
yoshimi> @ Top
yoshimi> @ Top
yoshimi> @ Top
yoshimi> @ Top
yoshimi> @ Top
yoshimi> @ Top
yoshimi> @ Top
yoshimi> @ Top
yoshimi> @ Top
yoshimi> @ Top
yoshimi> @ Top
yoshimi> @ Top
yoshimi> @ Top
yoshimi> @ Top
yoshimi> @ Top
yoshimi> @ Top
yoshimi> @ Top
yoshimi> @ Top
yoshimi> @ Top
yoshimi> @ Top
yoshimi> @ Top
yoshimi> @ Top
yoshimi> @ Top
yoshimi> @ Top
yoshimi> @ Top
yoshimi> @ Top
yoshimi> @ Top
yoshimi> @ Top
yoshimi> @ Top
yoshimi> @ Top
yoshimi> @ Top
yoshimi> @ Top
yoshimi> @ Top
yoshimi> @ Top
yoshimi> @ Top
yoshimi> @ Top
yoshimi> @ Top
yoshimi> @ Top
yoshimi> @ Top
yoshimi> @ Top
yoshimi> @ Top
yoshimi> @ Top
yoshimi> @ Top
yoshimi> @ Top
yoshimi> @ Top
yoshimi> @ Top
yoshimi> @ Top
yoshimi> @ Top
yoshimi> @ Top
yoshimi> @ Top
yoshimi> @ Top
yoshimi> @ Top
yoshimi> @ Top
yoshimi> @ Top
yoshimi> @ Top
yoshimi> @ Top
yoshimi> @ Top
yoshimi> @ Top
yoshimi> @ Top
yoshimi> @ Top
yoshimi> @ Top
yoshimi> @ Top
yoshimi> @ Top
yoshimi> @ Top
yoshimi> @ Top
yoshimi> @ Top
yoshimi> @ Top
yoshimi> @ Top
yoshimi> @ Top
yoshimi> @ Top
yoshimi> @ Top
yoshimi> @ Top
yoshimi> @ Top
yoshimi> @ Top
yoshimi> @ Top
yoshimi> @ Top
yoshimi> @ Top
yoshimi> @ Top
yoshimi> @ Top
yoshimi> @ Top
yoshimi> @ Top
yoshimi> @ Top
yoshimi> @ Top
yoshimi> @ Top
yoshimi> @ Top
yoshimi> @ Top
yoshimi> @ Top
yoshimi> @ Top
yoshimi> @ Top
yoshimi> @ Top
yoshimi> @ Top
yoshimi> @ Top
yoshimi> @ Top
yoshimi> @ Top
yoshimi> @ Top
yoshimi> @ Top
yoshimi> @ Top
yoshimi> @ Top
yoshimi> @ Top
yoshimi> @ Top
yoshimi> @ Top
yoshimi> @ Top
yoshimi> @ Top
yoshimi> @ Top
yoshimi> @ Top
yoshimi> @ Top
yoshimi> @ Top
yoshimi> @ Top
yoshimi> @ Top
yoshimi> @ Top
yoshimi> @ Top
yoshimi> @ Top
yoshimi> @ Top
yoshimi> @ Top
yoshimi> @ Top
yoshimi> @ Top
yoshimi> @ Top
yoshimi> @ Top
yoshimi> @ Top
yoshimi> @ Top
yoshimi> @ Top
yoshimi> @ Top
yoshimi> @ Top
yoshimi> @ Top
yoshimi> @ Top
yoshimi> @ Top
yoshimi> @ Top
yoshimi> @ Top
yoshimi> @ Top
yoshimi> @ Top
yoshimi> @ Top
yoshimi> @ Top
yoshimi> @ Top
yoshimi> @ Top
yoshimi> @ Top
yoshimi> @ Top
yoshimi> @ Top
yoshimi> @ Top
yoshimi> @ Top
yoshimi> @ Top
yoshimi> @ Top
yoshimi> @ Top
yoshimi> @ Top
yoshimi> @ Top
yoshimi> @ Top
yoshimi> @ Top
yoshimi> @ Top
yoshimi> @ Top
yoshimi> @ Top
yoshimi> @ Top
yoshimi> @ Top
yoshimi> @ Top
yoshimi> @ Top
yoshimi> @ Top
yoshimi> @ Top
yoshimi> @ Top
yoshimi> @ Top
yoshimi> @ Top
yoshimi> @ Top
yoshimi> @ Top
yoshimi> @ Top
yoshimi> @ Top
yoshimi> @ Top
yoshimi> @ Top
yoshimi> @ Top
yoshimi> @ Top
yoshimi> @ Top
yoshimi> @ Top
yoshimi> @ Top
yoshimi> @ Top
yoshimi> @ Top
yoshimi> @ Top
yoshimi> @ Top
yoshimi> @ Top
yoshimi> @ Top
yoshimi> @ Top
yoshimi> @ Top
yoshimi> @ Top
yoshimi> @ Top
yoshimi> @ Top
yoshimi> @ Top
yoshimi> @ Top
yoshimi> @ Top
yoshimi> @ Top
yoshimi> @ Top
yoshimi> @ Top
yoshimi> @ Top
yoshimi> @ Top
yoshimi> @ Top
yoshimi> @ Top
yoshimi> @ Top
yoshimi> @ Top
yoshimi> @ Top
yoshimi> @ Top
yoshimi> @ Top
yoshimi> @ Top
yoshimi> @ Top
yoshimi> @ Top
yoshimi> @ Top
yoshimi> @ Top
yoshimi> @ Top
yoshimi> @ Top
yoshimi> @ Top
yoshimi> @ Top
yoshimi> @ Top
yoshimi> @ Top
yoshimi> @ Top
yoshimi> @ Top
yoshimi> @ Top
yoshimi> @ Top
Config Start with JACK MIDI - on
yoshimi> @ Top
yoshimi> @ Top
yoshimi> @ Top
yoshimi> @ Top
yoshimi> @ Top
yoshimi> @ Top
yoshimi> @ Top
yoshimi> @ Top
yoshimi> @ Top
yoshimi> @ Top
yoshimi> @ Top
yoshimi> @ Top
yoshimi> @ Top
yoshimi> @ Top
yoshimi> @ Top
yoshimi> @ Top
yoshimi> @ Top
yoshimi> @ Top
yoshimi> @ Top
yoshimi> @ Top
yoshimi> @ Top
yoshimi> @ Top
yoshimi> @ Top
yoshimi> @ Top
yoshimi> @ Top
yoshimi> @ Top
yoshimi> @ Top
yoshimi> @ Top
yoshimi> @ Top
yoshimi> @ Top
yoshimi> @ Top
yoshimi> @ Top
yoshimi> @ Top
yoshimi> @ Top
yoshimi> @ Top
yoshimi> @ Top
yoshimi> @ Top
yoshimi> @ Top
yoshimi> @ Top
yoshimi> @ Top
yoshimi> @ Top
yoshimi> @ Top
yoshimi> @ Top
yoshimi> @ Top
yoshimi> @ Top
yoshimi> @ Top
yoshimi> @ Top
yoshimi> @ Top
yoshimi> @ Top
yoshimi> @ Top
yoshimi> @ Top
yoshimi> @ Top
yoshimi> @ Top
yoshimi> @ Top
yoshimi> @ Top
yoshimi> @ Top
yoshimi> @ Top
yoshimi> @ Top
yoshimi> Config Start with JACK audio - on
@ Top
yoshimi> @ Top
yoshimi> @ Top
yoshimi> @ Top
yoshimi> @ Top
yoshimi> @ Top
yoshimi> @ Top
yoshimi> @ Top
yoshimi> @ Top
yoshimi> @ Top
yoshimi> @ Top
yoshimi> @ Top
yoshimi> @ Top
yoshimi> @ Top
yoshimi> @ Top
yoshimi> @ Top
yoshimi> @ Top
yoshimi> @ Top
yoshimi> @ Top
yoshimi> @ Top
yoshimi> @ Top
yoshimi> @ Top
yoshimi> @ Top
yoshimi> @ Top
yoshimi> @ Top
yoshimi> @ Top
yoshimi> @ Top
yoshimi> @ Top
yoshimi> @ Top
yoshimi> @ Top
yoshimi> @ Top
yoshimi> @ Top
yoshimi> @ Top
yoshimi> @ Top
yoshimi> @ Top
yoshimi> @ Top
yoshimi> @ Top
yoshimi> @ Top
yoshimi> @ Top
yoshimi> @ Top
yoshimi> @ Top
yoshimi> @ Top
yoshimi> @ Top
yoshimi> @ Top
yoshimi> @ Top
yoshimi> @ Top
yoshimi> @ Top
yoshimi> @ Top
yoshimi> @ Top
yoshimi> @ Top
yoshimi> @ Top
yoshimi> @ Top
yoshimi> @ Top
yoshimi> @ Top
yoshimi> @ Top
yoshimi> @ Top
yoshimi> @ Top
yoshimi> @ Top
yoshimi> @ Top
yoshimi> @ Top
yoshimi> @ Top
yoshimi> @ Top
yoshimi> @ Top
yoshimi> @ Top
yoshimi> @ Top
yoshimi> @ Top
yoshimi> @ Top
yoshimi> @ Top
yoshimi> @ Top
yoshimi> @ Top
yoshimi> @ Top
yoshimi> @ Top
yoshimi> @ Top
yoshimi> @ Top
yoshimi> @ Top
yoshimi> @ Top
yoshimi> @ Top
yoshimi> @ Top
yoshimi> @ Top
yoshimi> @ Top
yoshimi> @ Top
yoshimi> @ Top
yoshimi> @ Top
yoshimi> @ Top
yoshimi> @ Top
yoshimi> @ Top
yoshimi> @ Top
yoshimi> @ Top
yoshimi> @ Top
yoshimi> @ Top
yoshimi> @ Top
yoshimi> @ Top
yoshimi> @ Top
yoshimi> @ Top
yoshimi> @ Top
yoshimi> @ Top
yoshimi> @ Top
yoshimi> @ Top
yoshimi> @ Top
yoshimi> @ Top
yoshimi> @ Top
yoshimi> @ Top
yoshimi> @ Top
yoshimi> @ Top
yoshimi> @ Top
yoshimi> @ Top
yoshimi> @ Top
yoshimi> @ Top
yoshimi> @ Top
yoshimi> @ Top
yoshimi> @ Top
yoshimi> @ Top
yoshimi> @ Top
yoshimi> @ Top
yoshimi> @ Top
yoshimi> @ Top
yoshimi> @ Top
yoshimi> @ Top
yoshimi> @ Top
yoshimi> @ Top
yoshimi> @ Top
yoshimi> @ Top
yoshimi> @ Top
yoshimi> @ Top
yoshimi> @ Top
yoshimi> @ Top
yoshimi> @ Top
yoshimi> @ Top
yoshimi> @ Top
yoshimi> @ Top
yoshimi> @ Top
yoshimi> @ Top
yoshimi> @ Top
yoshimi> @ Top
yoshimi> @ Top
yoshimi> @ Top
yoshimi> @ Top
yoshimi> @ Top
yoshimi> @ Top
yoshimi> @ Top
yoshimi> @ Top
Config saved /home/jeb/.config/yoshimi/yoshimi-0.instance
yoshimi> @ Top
yoshimi> @ Top
yoshimi> @ Top
yoshimi> @ Top
yoshimi> @ Top
yoshimi> @ Top
yoshimi> @ Top
yoshimi> @ Top
yoshimi> @ Top
yoshimi> @ Top
yoshimi> @ Top
yoshimi> @ Top
yoshimi> @ Top
yoshimi> @ Top
yoshimi> @ Top
yoshimi> @ Top
yoshimi> @ Top
yoshimi> @ Top
yoshimi> @ Top
yoshimi> @ Top
yoshimi> @ Top
yoshimi> @ Top
yoshimi> @ Top
yoshimi> @ Top
yoshimi> @ Top
yoshimi> @ Top
yoshimi> @ Top
yoshimi> @ Top
yoshimi> @ Top
yoshimi> @ Top
yoshimi> @ Top
yoshimi> @ Top
yoshimi> @ Top
yoshimi> @ Top
yoshimi> @ Top
yoshimi> @ Top
yoshimi> @ Top
yoshimi> @ Top
yoshimi> @ Top
yoshimi> @ Top
yoshimi> @ Top
yoshimi> @ Top
yoshimi> @ Top
yoshimi> @ Top
yoshimi> @ Top
yoshimi> @ Top
yoshimi> @ Top
yoshimi> @ Top
yoshimi> @ Top
yoshimi> @ Top
yoshimi> @ Top
yoshimi> @ Top
yoshimi> @ Top
yoshimi> @ Top
yoshimi> @ Top
yoshimi> @ Top
yoshimi> @ Top
yoshimi> @ Top
yoshimi> @ Top
yoshimi> @ Top
yoshimi> @ Top
yoshimi> @ Top
yoshimi> @ Top
yoshimi> @ Top
yoshimi> @ Top
yoshimi> @ Top
yoshimi> @ Top
yoshimi> @ Top
yoshimi> @ Top
yoshimi> @ Top
yoshimi> @ Top
yoshimi> @ Top
yoshimi> @ Top
yoshimi> @ Top
yoshimi> @ Top
yoshimi> @ Top
yoshimi> @ Top
yoshimi> @ Top
yoshimi> @ Top
yoshimi> @ Top
yoshimi> @ Top
yoshimi> @ Top
yoshimi> @ Top
yoshimi> @ Top
yoshimi> @ Top
yoshimi> @ Top
yoshimi> @ Top
yoshimi> @ Top
yoshimi> @ Top
yoshimi> @ Top
yoshimi> @ Top
yoshimi> @ Top
yoshimi> @ Top
yoshimi> @ Top
yoshimi> @ Top
yoshimi> @ Top
yoshimi> @ Top
yoshimi> @ Top
yoshimi> @ Top
yoshimi> @ Top
yoshimi> @ Top
yoshimi> @ Top
yoshimi> @ Top
yoshimi> @ Top
yoshimi> @ Top
yoshimi> @ Top
yoshimi> @ Top
yoshimi> @ Top
yoshimi> @ Top

Goodbye - Play again soon?
Yoshimi 2.1.1.1 is starting
client 0x558ba9394160  device default  port yoshimi:midi in
Didn't find jack MIDI source 'default'
Using jack_audio for audio and jack_midi for midi
Set jack session callback failed
Build Number 2050
Clientname: yoshimi
Audio: jack -> 'default'
Midi: jack -> 'default'
Oscilsize: 512
Samplerate: 48000
Period size: 256

Yay! We're up and running :-)

Found 1702 instruments in 48 banks
Root 5. Bank set to 5 "Arpeggios"
GUI refreshed

(process:56845): Gtk-WARNING **: 08:24:02.119: Theme parsing error: gtk.css:6100:3-36: No property named "-GtkTreeView-horizontal-separator"

(process:56845): Gtk-WARNING **: 08:24:02.119: Theme parsing error: gtk.css:6101:3-34: No property named "-GtkTreeView-vertical-separator"

(process:56845): Gtk-WARNING **: 08:24:02.119: Theme parsing error: gtk.css:6159:3-29: No property named "-GtkTreeView-expander-size"

(process:56845): Gtk-WARNING **: 08:24:02.119: Theme parsing error: gtk.css:6192:3-37: No property named "-GraniteWidgetsPopOver-arrow-width"

(process:56845): Gtk-WARNING **: 08:24:02.119: Theme parsing error: gtk.css:6193:3-38: No property named "-GraniteWidgetsPopOver-arrow-height"

(process:56845): Gtk-WARNING **: 08:24:02.119: Theme parsing error: gtk.css:6194:3-39: No property named "-GraniteWidgetsPopOver-border-radius"

(process:56845): Gtk-WARNING **: 08:24:02.120: Theme parsing error: gtk.css:6195:3-38: No property named "-GraniteWidgetsPopOver-border-width"

(process:56845): Gtk-WARNING **: 08:24:02.120: Theme parsing error: gtk.css:6196:3-37: No property named "-GraniteWidgetsPopOver-shadow-size"
Samplerate 48000Hz 
jack running with realtime priority
Buffersize is 8192 samples 
Buffersize is 1024 samples 
Xrun 
Mamba: signal 15 received, bye bye ...

Mamba: signal 1 received, exiting ...
Samplerate 96000Hz 
jack running with realtime priority

(process:2064): Gtk-WARNING **: 16:19:56.689: Theme parsing error: gtk.css:6100:3-36: No property named "-GtkTreeView-horizontal-separator"

(process:2064): Gtk-WARNING **: 16:19:56.689: Theme parsing error: gtk.css:6101:3-34: No property named "-GtkTreeView-vertical-separator"

(process:2064): Gtk-WARNING **: 16:19:56.689: Theme parsing error: gtk.css:6159:3-29: No property named "-GtkTreeView-expander-size"

(process:2064): Gtk-WARNING **: 16:19:56.689: Theme parsing error: gtk.css:6192:3-37: No property named "-GraniteWidgetsPopOver-arrow-width"

(process:2064): Gtk-WARNING **: 16:19:56.689: Theme parsing error: gtk.css:6193:3-38: No property named "-GraniteWidgetsPopOver-arrow-height"

(process:2064): Gtk-WARNING **: 16:19:56.689: Theme parsing error: gtk.css:6194:3-39: No property named "-GraniteWidgetsPopOver-border-radius"

(process:2064): Gtk-WARNING **: 16:19:56.689: Theme parsing error: gtk.css:6195:3-38: No property named "-GraniteWidgetsPopOver-border-width"

(process:2064): Gtk-WARNING **: 16:19:56.689: Theme parsing error: gtk.css:6196:3-37: No property named "-GraniteWidgetsPopOver-shadow-size"
Buffersize is 2048 samples 
Buffersize is 2048 samples 
Buffersize is 1024 samples 
Buffersize is 1024 samples 
Buffersize is 1024 samples 
Xrun Buffersize is 2048 samples 
Buffersize is 2048 samples 
Buffersize is 1024 samples 
Buffersize is 1024 samples 
Xrun Buffersize is 2048 samples 
Buffersize is 2048 samples 
Buffersize is 1024 samples 
Buffersize is 1024 samples 
Xrun Buffersize is 2048 samples 
Buffersize is 1024 samples 
Buffersize is 1024 samples 
Buffersize is 2048 samples 
Buffersize is 1024 samples 
Buffersize is 1024 samples 
Buffersize is 1024 samples 
Xrun Buffersize is 8192 samples 
Buffersize is 8192 samples 
Buffersize is 1024 samples 
Buffersize is 1024 samples 
Xrun Buffersize is 2048 samples 
Buffersize is 2048 samples 
Buffersize is 1024 samples 
Buffersize is 1024 samples 
Buffersize is 1024 samples 
Xrun Buffersize is 2048 samples 
Buffersize is 2048 samples 
Buffersize is 1024 samples 
Buffersize is 1024 samples 
Buffersize is 1024 samples 
Xrun 
Mamba: signal 15 received, bye bye ...

Mamba: signal 1 received, exiting ...
Samplerate 96000Hz 
jack running with realtime priority
Xrun Xrun Xrun Xrun Xrun Xrun Xrun Xrun Xrun Xrun Xrun Xrun Xrun Xrun Xrun Xrun Xrun Xrun Xrun Buffersize is 2048 samples 
Buffersize is 1024 samples 
Xrun Xrun Xrun Xrun Xrun Xrun Xrun Xrun Xrun Xrun Xrun Xrun Xrun Xrun Xrun Xrun Xrun Xrun Xrun Xrun Xrun Xrun Xrun Xrun Xrun Xrun Xrun Xrun Xrun Xrun 
Mamba: signal 15 received, bye bye ...

Mamba: signal 1 received, exiting ...
The Non-Mixer 1.3.0  -- Copyright (c) 2008-2013 Jonathan Moore Liles
WARNING: LADSPA_PATH environment variable not set
         Assuming /usr/lib/ladspa:/usr/local/lib/ladspa
X_ChangeProperty: BadValue (integer parameter out of range for operation) 0x0
OSC=osc.udp://newbnr:10072/
WARNING: File /usr/lib/ladspa/ladspa-rubberband.cat could not be examined
dlerror() output:
/usr/lib/ladspa/ladspa-rubberband.cat: invalid ELF header
WARNING: Could not open path /usr/local/lib/ladspa/
12 plugins found in 6 libraries
WARNING: LADSPA_RDF_PATH environment variable not set
         Assuming /usr/share/ladspa/rdf:/usr/local/share/ladspa/rdf
WARNING: Could not open path /usr/local/share/ladspa/rdf/
[[1;30mnon-mixer[0m] [1;32mInfo: created by = The Non-Mixer 1.3.0[0m
[[1;30mnon-mixer[0m] [1;32mInfo: created on = Mon Nov 29 20:51:36 2021[0m
[[1;30mnon-mixer[0m] [1;32mInfo: version = 1[0m
[[1;30mnon-mixer[0m] [1;32mLoaded project "/home/jeb/BNR/test"[0m
[[1;30mnon-mixer[0m] [1;32mCreated project "/home/jeb/BNR/test" from template "(null)"[0m
[[1;30mnon-mixer[0m] [1;32mSaving state[0m
[[1;30mnon-mixer[0m] [1;32mSaving state[0m
[[1;30mnon-mixer[0m] [1;32mInfo: created by = The Non-Mixer 1.3.0[0m
[[1;30mnon-mixer[0m] [1;32mInfo: created on = Mon Nov 29 20:51:36 2021[0m
[[1;30mnon-mixer[0m] [1;32mInfo: version = 1[0m
[[1;30mnon-mixer[0m] [1;32mLoaded project "/home/jeb/BNR/test/"[0m
[[1;30mnon-mixer[0m] [1;32mAdd mixer strip "Unnamed"[0m
[[1;30mnon-mixer[0m] [1;32mSaving state[0m
[[1;30mnon-mixer[0m] [1;32mSaving state[0m
[[1;30mnon-mixer[0m] [1;32mRemove mixer strip "Unnamed"[0m
[[1;30mnon-mixer[0m] [1;32mYour fun is over[0m
The Non-Mixer 1.3.0  -- Copyright (c) 2008-2013 Jonathan Moore Liles
WARNING: LADSPA_PATH environment variable not setOSC=osc.udp://newbnr:7587/

         Assuming /usr/lib/ladspa:/usr/local/lib/ladspa
[[1;30mnon-mixer[0m] [1;32mWaiting for plugins...[0m
WARNING: File /usr/lib/ladspa/ladspa-rubberband.cat could not be examined
dlerror() output:
/usr/lib/ladspa/ladspa-rubberband.cat: invalid ELF header
WARNING: Duplicated Plugin ID (273) found:
  Plugin 0 in library: /usr/local/lib/ladspa/kpp_fuzz.so [First instance found]
  Plugin 0 in library: /usr/local/lib/ladspa/kpp_deadgate.so [Duplicate not added]
WARNING: Duplicated Plugin ID (273) found:
  Plugin 0 in library: /usr/local/lib/ladspa/kpp_fuzz.so [First instance found]
  Plugin 0 in library: /usr/local/lib/ladspa/kpp_single2humbucker.so [Duplicate not added]
WARNING: Duplicated Plugin ID (273) found:
  Plugin 0 in library: /usr/local/lib/ladspa/kpp_fuzz.so [First instance found]
  Plugin 0 in library: /usr/local/lib/ladspa/kpp_octaver.so [Duplicate not added]
WARNING: Duplicated Plugin ID (273) found:
  Plugin 0 in library: /usr/local/lib/ladspa/kpp_fuzz.so [First instance found]
  Plugin 0 in library: /usr/local/lib/ladspa/kpp_distruction.so [Duplicate not added]
WARNING: Duplicated Plugin ID (273) found:
  Plugin 0 in library: /usr/local/lib/ladspa/kpp_fuzz.so [First instance found]
  Plugin 0 in library: /usr/local/lib/ladspa/kpp_bluedream.so [Duplicate not added]
13 plugins found in 7 libraries
WARNING: LADSPA_RDF_PATH environment variable not set
         Assuming /usr/share/ladspa/rdf:/usr/local/share/ladspa/rdf
WARNING: Could not open path /usr/local/share/ladspa/rdf/
[[1;30mnon-mixer[0m] [1;32mLoading "/home/jeb/BNR/non-mixer/Mixer-General"[0m
[[1;30mnon-mixer[0m] [1;32mInfo: created by = The Non-Mixer 1.2.0[0m
[[1;30mnon-mixer[0m] [1;32mInfo: created on = Wed Jul 29 22:53:52 2015[0m
[[1;30mnon-mixer[0m] [1;32mInfo: version = 1[0m
[[1;30mnon-mixer[0m] [1;32mAdd mixer strip "SRO"[0m
X_ChangeProperty: BadValue (integer parameter out of range for operation) 0x0
[[1;30mnon-mixer[0m] [1;32mAdd mixer strip "Strings"[0m
[[1;30mnon-mixer[0m] [1;32mAdd mixer strip "FlowBells"[0m
[[1;30mnon-mixer[0m] [1;32mAdd mixer strip "Distortion Output"[0m
[[1;30mnon-mixer[0m] [1;32mAdd mixer strip "Clean Output"[0m
[[1;30mnon-mixer[0m] [1;32mLoaded project "/home/jeb/BNR/non-mixer/Mixer-General"[0m
[[1;30mnon-mixer[0m] [1;32mSaving state[0m
[[1;30mnon-mixer[0m] [1;32mRemove mixer strip "SRO"[0m
[[1;30mnon-mixer[0m] [1;32mRemove mixer strip "Strings"[0m
[[1;30mnon-mixer[0m] [1;32mRemove mixer strip "FlowBells"[0m
[[1;30mnon-mixer[0m] [1;32mRemove mixer strip "Distortion Output"[0m
[[1;30mnon-mixer[0m] [1;32mRemove mixer strip "Clean Output"[0m
[[1;30mnon-mixer[0m] [1;32mYour fun is over[0m
The Non-Mixer 1.3.0  -- Copyright (c) 2008-2013 Jonathan Moore Liles
WARNING: LADSPA_PATH environment variable not set
         Assuming /usr/lib/ladspa:/usr/local/lib/ladspa
[[1;30mnon-mixer[0m] [1;32mWaiting for plugins...[0m
OSC=osc.udp://newbnr:7587/
WARNING: File /usr/lib/ladspa/ladspa-rubberband.cat could not be examined
dlerror() output:
/usr/lib/ladspa/ladspa-rubberband.cat: invalid ELF header
WARNING: Duplicated Plugin ID (273) found:
  Plugin 0 in library: /usr/local/lib/ladspa/kpp_fuzz.so [First instance found]
  Plugin 0 in library: /usr/local/lib/ladspa/kpp_deadgate.so [Duplicate not added]
WARNING: Duplicated Plugin ID (273) found:
  Plugin 0 in library: /usr/local/lib/ladspa/kpp_fuzz.so [First instance found]
  Plugin 0 in library: /usr/local/lib/ladspa/kpp_single2humbucker.so [Duplicate not added]
WARNING: Duplicated Plugin ID (273) found:
  Plugin 0 in library: /usr/local/lib/ladspa/kpp_fuzz.so [First instance found]
  Plugin 0 in library: /usr/local/lib/ladspa/kpp_octaver.so [Duplicate not added]
WARNING: Duplicated Plugin ID (273) found:
  Plugin 0 in library: /usr/local/lib/ladspa/kpp_fuzz.so [First instance found]
  Plugin 0 in library: /usr/local/lib/ladspa/kpp_distruction.so [Duplicate not added]
WARNING: Duplicated Plugin ID (273) found:
  Plugin 0 in library: /usr/local/lib/ladspa/kpp_fuzz.so [First instance found]
  Plugin 0 in library: /usr/local/lib/ladspa/kpp_bluedream.so [Duplicate not added]
13 plugins found in 7 libraries
WARNING: LADSPA_RDF_PATH environment variable not set
         Assuming /usr/share/ladspa/rdf:/usr/local/share/ladspa/rdf
WARNING: Could not open path /usr/local/share/ladspa/rdf/
[[1;30mnon-mixer[0m] [1;32mLoading "/home/jeb/BNR/non-mixer/Mixer-General"[0m
[[1;30mnon-mixer[0m] [1;32mInfo: created by = The Non-Mixer 1.2.0[0m
[[1;30mnon-mixer[0m] [1;32mInfo: created on = Wed Jul 29 22:53:52 2015[0m
[[1;30mnon-mixer[0m] [1;32mInfo: version = 1[0m
[[1;30mnon-mixer[0m] [1;32mAdd mixer strip "SRO"[0m
X_ChangeProperty: BadValue (integer parameter out of range for operation) 0x0
[[1;30mnon-mixer[0m] [1;32mAdd mixer strip "Strings"[0m
[[1;30mnon-mixer[0m] [1;32mAdd mixer strip "FlowBells"[0m
[[1;30mnon-mixer[0m] [1;32mAdd mixer strip "Distortion Output"[0m
[[1;30mnon-mixer[0m] [1;32mAdd mixer strip "Clean Output"[0m
[[1;30mnon-mixer[0m] [1;32mLoaded project "/home/jeb/BNR/non-mixer/Mixer-General"[0m
[[1;30mnon-mixer[0m] [1;32mSaving state[0m
[[1;30mnon-mixer[0m] [1;32mRemove mixer strip "SRO"[0m
[[1;30mnon-mixer[0m] [1;32mRemove mixer strip "Strings"[0m
[[1;30mnon-mixer[0m] [1;32mRemove mixer strip "FlowBells"[0m
[[1;30mnon-mixer[0m] [1;32mRemove mixer strip "Distortion Output"[0m
[[1;30mnon-mixer[0m] [1;32mRemove mixer strip "Clean Output"[0m
[[1;30mnon-mixer[0m] [1;32mYour fun is over[0m
The Non-Mixer 1.3.0  -- Copyright (c) 2008-2013 Jonathan Moore Liles
WARNING: LADSPA_PATH environment variable not set
         Assuming /usr/lib/ladspa:/usr/local/lib/ladspa
[[1;30mnon-mixer[0m] [1;32mWaiting for plugins...[0m
OSC=osc.udp://newbnr:7587/
WARNING: File /usr/lib/ladspa/ladspa-rubberband.cat could not be examined
dlerror() output:
/usr/lib/ladspa/ladspa-rubberband.cat: invalid ELF header
WARNING: Duplicated Plugin ID (273) found:
  Plugin 0 in library: /usr/local/lib/ladspa/kpp_fuzz.so [First instance found]
  Plugin 0 in library: /usr/local/lib/ladspa/kpp_deadgate.so [Duplicate not added]
WARNING: Duplicated Plugin ID (273) found:
  Plugin 0 in library: /usr/local/lib/ladspa/kpp_fuzz.so [First instance found]
  Plugin 0 in library: /usr/local/lib/ladspa/kpp_single2humbucker.so [Duplicate not added]
WARNING: Duplicated Plugin ID (273) found:
  Plugin 0 in library: /usr/local/lib/ladspa/kpp_fuzz.so [First instance found]
  Plugin 0 in library: /usr/local/lib/ladspa/kpp_octaver.so [Duplicate not added]
WARNING: Duplicated Plugin ID (273) found:
  Plugin 0 in library: /usr/local/lib/ladspa/kpp_fuzz.so [First instance found]
  Plugin 0 in library: /usr/local/lib/ladspa/kpp_distruction.so [Duplicate not added]
WARNING: Duplicated Plugin ID (273) found:
  Plugin 0 in library: /usr/local/lib/ladspa/kpp_fuzz.so [First instance found]
  Plugin 0 in library: /usr/local/lib/ladspa/kpp_bluedream.so [Duplicate not added]
13 plugins found in 7 libraries
WARNING: LADSPA_RDF_PATH environment variable not set
         Assuming /usr/share/ladspa/rdf:/usr/local/share/ladspa/rdf
WARNING: Could not open path /usr/local/share/ladspa/rdf/
[[1;30mnon-mixer[0m] [1;32mLoading "/home/jeb/BNR/non-mixer/Mixer-General"[0m
[[1;30mnon-mixer[0m] [1;32mInfo: created by = The Non-Mixer 1.2.0[0m
[[1;30mnon-mixer[0m] [1;32mInfo: created on = Wed Jul 29 22:53:52 2015[0m
[[1;30mnon-mixer[0m] [1;32mInfo: version = 1[0m
[[1;30mnon-mixer[0m] [1;32mAdd mixer strip "SRO"[0m
X_ChangeProperty: BadValue (integer parameter out of range for operation) 0x0
[[1;30mnon-mixer[0m] [1;32mAdd mixer strip "Strings"[0m
[[1;30mnon-mixer[0m] [1;32mAdd mixer strip "FlowBells"[0m
[[1;30mnon-mixer[0m] [1;32mAdd mixer strip "Distortion Output"[0m
[[1;30mnon-mixer[0m] [1;32mAdd mixer strip "Clean Output"[0m
[[1;30mnon-mixer[0m] [1;32mLoaded project "/home/jeb/BNR/non-mixer/Mixer-General"[0m
[[1;30mnon-mixer[0m] [1;32mRemove mixer strip "SRO"[0m
[[1;30mnon-mixer[0m] [1;32mRemove mixer strip "Strings"[0m
[[1;30mnon-mixer[0m] [1;32mRemove mixer strip "FlowBells"[0m
[[1;30mnon-mixer[0m] [1;32mRemove mixer strip "Distortion Output"[0m
[[1;30mnon-mixer[0m] [1;32mRemove mixer strip "Clean Output"[0m
[[1;30mnon-mixer[0m] [1;32mYour fun is over[0m
[[1;30mnon-mixer[0m] [1;32mWaiting for plugins...[0m
The Non-Mixer 1.3.0  -- Copyright (c) 2008-2013 Jonathan Moore Liles
OSC=osc.udp://newbnr:7587/
WARNING: Duplicated Plugin ID (273) found:
  Plugin 0 in library: /usr/local/lib/ladspa/kpp_fuzz.so [First instance found]
  Plugin 0 in library: /usr/local/lib/ladspa/kpp_deadgate.so [Duplicate not added]
WARNING: Duplicated Plugin ID (273) found:
  Plugin 0 in library: /usr/local/lib/ladspa/kpp_fuzz.so [First instance found]
  Plugin 0 in library: /usr/local/lib/ladspa/kpp_single2humbucker.so [Duplicate not added]
WARNING: Duplicated Plugin ID (273) found:
  Plugin 0 in library: /usr/local/lib/ladspa/kpp_fuzz.so [First instance found]
  Plugin 0 in library: /usr/local/lib/ladspa/kpp_octaver.so [Duplicate not added]
WARNING: Duplicated Plugin ID (273) found:
  Plugin 0 in library: /usr/local/lib/ladspa/kpp_fuzz.so [First instance found]
  Plugin 0 in library: /usr/local/lib/ladspa/kpp_distruction.so [Duplicate not added]
WARNING: Duplicated Plugin ID (273) found:
  Plugin 0 in library: /usr/local/lib/ladspa/kpp_fuzz.so [First instance found]
  Plugin 0 in library: /usr/local/lib/ladspa/kpp_bluedream.so [Duplicate not added]
1 plugins found in 1 libraries
WARNING: LADSPA_RDF_PATH environment variable not set
         Assuming /usr/share/ladspa/rdf:/usr/local/share/ladspa/rdf
WARNING: Could not open path /usr/local/share/ladspa/rdf/
[[1;30mnon-mixer[0m] [1;32mLoading "/home/jeb/BNR/non-mixer/Mixer-General"[0m
[[1;30mnon-mixer[0m] [1;32mInfo: created by = The Non-Mixer 1.2.0[0m
[[1;30mnon-mixer[0m] [1;32mInfo: created on = Wed Jul 29 22:53:52 2015[0m
[[1;30mnon-mixer[0m] [1;32mInfo: version = 1[0m
[[1;30mnon-mixer[0m] [1;32mAdd mixer strip "SRO"[0m
X_ChangeProperty: BadValue (integer parameter out of range for operation) 0x0
[[1;30mnon-mixer[0m] [1;32mAdd mixer strip "Strings"[0m
[[1;30mnon-mixer[0m] [1;32mAdd mixer strip "FlowBells"[0m
[[1;30mnon-mixer[0m] [1;32mAdd mixer strip "Distortion Output"[0m
[[1;30mnon-mixer[0m] [1;32mAdd mixer strip "Clean Output"[0m
[[1;30mnon-mixer[0m] [1;32mLoaded project "/home/jeb/BNR/non-mixer/Mixer-General"[0m
[[1;30mnon-mixer[0m] [1;32mName: mydsp[0m
[[1;30mnon-mixer[0m] [1;32mPlugin has 1 inputs and 1 outputs[0m
[[1;30mnon-mixer[0m] [1;32mName: mydsp[0m
[[1;30mnon-mixer[0m] [1;32mPlugin has 1 inputs and 1 outputs[0m
[[1;30mnon-mixer[0m] [1;32mSaving state[0m
[[1;30mnon-mixer[0m] [1;32mSaving state[0m
[[1;30mnon-mixer[0m] [1;32mRemove mixer strip "SRO"[0m
[[1;30mnon-mixer[0m] [1;32mRemove mixer strip "Strings"[0m
[[1;30mnon-mixer[0m] [1;32mRemove mixer strip "FlowBells"[0m
[[1;30mnon-mixer[0m] [1;32mRemove mixer strip "Distortion Output"[0m
[[1;30mnon-mixer[0m] [1;32mRemove mixer strip "Clean Output"[0m
[[1;30mnon-mixer[0m] [1;32mYour fun is over[0m
The Non-Mixer 1.3.0  -- Copyright (c) 2008-2013 Jonathan Moore Liles
OSC=osc.udp://newbnr:13862/
WARNING: Duplicated Plugin ID (273) found:
  Plugin 0 in library: /usr/local/lib/ladspa/kpp_fuzz.so [First instance found]
  Plugin 0 in library: /usr/local/lib/ladspa/kpp_deadgate.so [Duplicate not added]
WARNING: Duplicated Plugin ID (273) found:
  Plugin 0 in library: /usr/local/lib/ladspa/kpp_fuzz.so [First instance found]
  Plugin 0 in library: /usr/local/lib/ladspa/kpp_single2humbucker.so [Duplicate not added]
X_ChangeProperty: BadValue (integer parameter out of range for operation) 0x0
WARNING: Duplicated Plugin ID (273) found:
  Plugin 0 in library: /usr/local/lib/ladspa/kpp_fuzz.so [First instance found]
  Plugin 0 in library: /usr/local/lib/ladspa/kpp_octaver.so [Duplicate not added]
WARNING: Duplicated Plugin ID (273) found:
  Plugin 0 in library: /usr/local/lib/ladspa/kpp_fuzz.so [First instance found]
  Plugin 0 in library: /usr/local/lib/ladspa/kpp_distruction.so [Duplicate not added]
WARNING: Duplicated Plugin ID (273) found:
  Plugin 0 in library: /usr/local/lib/ladspa/kpp_fuzz.so [First instance found]
  Plugin 0 in library: /usr/local/lib/ladspa/kpp_bluedream.so [Duplicate not added]
1 plugins found in 1 libraries
WARNING: LADSPA_RDF_PATH environment variable not set
         Assuming /usr/share/ladspa/rdf:/usr/local/share/ladspa/rdf
WARNING: Could not open path /usr/local/share/ladspa/rdf/
[[1;30mnon-mixer[0m] [1;32mInfo: created by = The Non-Mixer 1.2.0[0m
[[1;30mnon-mixer[0m] [1;32mInfo: created on = Wed Jul 29 22:53:52 2015[0m
[[1;30mnon-mixer[0m] [1;32mInfo: version = 1[0m
[[1;30mnon-mixer[0m] [1;32mAdd mixer strip "SRO"[0m
[[1;30mnon-mixer[0m] [1;32mAdd mixer strip "Strings"[0m
[[1;30mnon-mixer[0m] [1;32mAdd mixer strip "FlowBells"[0m
[[1;30mnon-mixer[0m] [1;32mAdd mixer strip "Distortion Output"[0m
[[1;30mnon-mixer[0m] [1;32mName: mydsp[0m
[[1;30mnon-mixer[0m] [1;32mPlugin has 1 inputs and 1 outputs[0m
[[1;30mnon-mixer[0m] [1;32mAdd mixer strip "Clean Output"[0m
[[1;30mnon-mixer[0m] [1;32mLoaded project "/home/jeb/BNR/non-mixer/Mixer-General/"[0m
Element v0.46.3 (GPL v3)
Copyright (c) 2017-2021 Kushview, LLC.  All rights reserved.

Element v0.46.3 (GPL v3)
Copyright (c) 2017-2021 Kushview, LLC.  All rights reserved.


(process:13308): Gtk-WARNING **: 06:52:21.078: Theme parsing error: gtk.css:6100:3-36: No property named "-GtkTreeView-horizontal-separator"

(process:13308): Gtk-WARNING **: 06:52:21.078: Theme parsing error: gtk.css:6101:3-34: No property named "-GtkTreeView-vertical-separator"

(process:13308): Gtk-WARNING **: 06:52:21.078: Theme parsing error: gtk.css:6159:3-29: No property named "-GtkTreeView-expander-size"

(process:13308): Gtk-WARNING **: 06:52:21.078: Theme parsing error: gtk.css:6192:3-37: No property named "-GraniteWidgetsPopOver-arrow-width"

(process:13308): Gtk-WARNING **: 06:52:21.078: Theme parsing error: gtk.css:6193:3-38: No property named "-GraniteWidgetsPopOver-arrow-height"

(process:13308): Gtk-WARNING **: 06:52:21.078: Theme parsing error: gtk.css:6194:3-39: No property named "-GraniteWidgetsPopOver-border-radius"

(process:13308): Gtk-WARNING **: 06:52:21.078: Theme parsing error: gtk.css:6195:3-38: No property named "-GraniteWidgetsPopOver-border-width"

(process:13308): Gtk-WARNING **: 06:52:21.078: Theme parsing error: gtk.css:6196:3-37: No property named "-GraniteWidgetsPopOver-shadow-size"
[[1;30mnon-mixer[0m] [1;32mGot SIGTERM, quitting...[0m
[[1;30mnon-mixer[0m] [1;32mRemove mixer strip "SRO"[0m
Samplerate 96000Hz 
jack running with realtime priority

Mamba: signal 2 received, bye bye ...
Samplerate 96000Hz 
jack running with realtime priority

Mamba: signal 15 received, bye bye ...

Mamba: signal 1 received, exiting ...

(process:20865): Gtk-WARNING **: 21:01:20.793: Theme parsing error: gtk.css:6100:3-36: No property named "-GtkTreeView-horizontal-separator"

(process:20865): Gtk-WARNING **: 21:01:20.793: Theme parsing error: gtk.css:6101:3-34: No property named "-GtkTreeView-vertical-separator"

(process:20865): Gtk-WARNING **: 21:01:20.793: Theme parsing error: gtk.css:6159:3-29: No property named "-GtkTreeView-expander-size"

(process:20865): Gtk-WARNING **: 21:01:20.793: Theme parsing error: gtk.css:6192:3-37: No property named "-GraniteWidgetsPopOver-arrow-width"

(process:20865): Gtk-WARNING **: 21:01:20.793: Theme parsing error: gtk.css:6193:3-38: No property named "-GraniteWidgetsPopOver-arrow-height"

(process:20865): Gtk-WARNING **: 21:01:20.793: Theme parsing error: gtk.css:6194:3-39: No property named "-GraniteWidgetsPopOver-border-radius"

(process:20865): Gtk-WARNING **: 21:01:20.793: Theme parsing error: gtk.css:6195:3-38: No property named "-GraniteWidgetsPopOver-border-width"

(process:20865): Gtk-WARNING **: 21:01:20.793: Theme parsing error: gtk.css:6196:3-37: No property named "-GraniteWidgetsPopOver-shadow-size"
